#
# There is insufficient memory for the Java Runtime Environment to continue.
# Native memory allocation (malloc) failed to allocate 32744 bytes for ChunkPool::allocate
# Possible reasons:
#   The system is out of physical RAM or swap space
#   In 32 bit mode, the process size limit was hit
# Possible solutions:
#   Reduce memory load on the system
#   Increase physical memory or swap space
#   Check if swap backing store is full
#   Use 64 bit Java on a 64 bit OS
#   Decrease Java heap size (-Xmx/-Xms)
#   Decrease number of Java threads
#   Decrease Java thread stack sizes (-Xss)
#   Set larger code cache with -XX:ReservedCodeCacheSize=
# This output file may be truncated or incomplete.
#
#  Out of Memory Error (allocation.cpp:273), pid=3288, tid=0x0000000000000348
#
# JRE version: Java(TM) SE Runtime Environment (8.0_144-b01) (build 1.8.0_144-b01)
# Java VM: Java HotSpot(TM) 64-Bit Server VM (25.144-b01 mixed mode windows-amd64 compressed oops)
# Failed to write core dump. Minidumps are not enabled by default on client versions of Windows
#

---------------  T H R E A D  ---------------

Current thread (0x00000000173a1800):  JavaThread "C2 CompilerThread1" daemon [_thread_in_native, id=840, stack(0x0000000018e30000,0x0000000018f30000)]

Stack: [0x0000000018e30000,0x0000000018f30000]
[error occurred during error reporting (printing stack bounds), id 0xc0000005]

Native frames: (J=compiled Java code, j=interpreted, Vv=VM code, C=native code)


Current CompileTask:
C2:  13543 7196       4       org.aspectj.weaver.patterns.ExactAnnotationTypePattern::matches (770 bytes)


---------------  P R O C E S S  ---------------

Java Threads: ( => current thread )
  0x000000001e04c800 JavaThread "com.alibaba.nacos.naming.push.receiver" daemon [_thread_in_native, id=18792, stack(0x0000000024120000,0x0000000024220000)]
  0x000000001e052800 JavaThread "com.alibaba.nacos.naming.failover" daemon [_thread_blocked, id=17992, stack(0x0000000024020000,0x0000000024120000)]
  0x000000001e051800 JavaThread "com.alibaba.nacos.naming.client.listener" daemon [_thread_blocked, id=18072, stack(0x0000000023f20000,0x0000000024020000)]
  0x000000001e050000 JavaThread "spring.cloud.inetutils" daemon [_thread_blocked, id=7768, stack(0x0000000023600000,0x0000000023700000)]
  0x000000001e053000 JavaThread "RenrenScheduler_QuartzSchedulerThread" [_thread_blocked, id=16716, stack(0x0000000023500000,0x0000000023600000)]
  0x000000001e04d000 JavaThread "RenrenScheduler_Worker-20" [_thread_blocked, id=10884, stack(0x0000000023400000,0x0000000023500000)]
  0x000000001e04e000 JavaThread "RenrenScheduler_Worker-19" [_thread_blocked, id=12308, stack(0x0000000023300000,0x0000000023400000)]
  0x000000001e04f800 JavaThread "RenrenScheduler_Worker-18" [_thread_blocked, id=16492, stack(0x0000000023200000,0x0000000023300000)]
  0x000000001e04e800 JavaThread "RenrenScheduler_Worker-17" [_thread_blocked, id=15604, stack(0x0000000023100000,0x0000000023200000)]
  0x000000001bfe6800 JavaThread "RenrenScheduler_Worker-16" [_thread_blocked, id=11932, stack(0x0000000023000000,0x0000000023100000)]
  0x000000001bfec000 JavaThread "RenrenScheduler_Worker-15" [_thread_blocked, id=7704, stack(0x0000000022f00000,0x0000000023000000)]
  0x000000001bfeb000 JavaThread "RenrenScheduler_Worker-14" [_thread_blocked, id=11260, stack(0x0000000022e00000,0x0000000022f00000)]
  0x000000001bfed800 JavaThread "RenrenScheduler_Worker-13" [_thread_blocked, id=6432, stack(0x0000000022d00000,0x0000000022e00000)]
  0x000000001bfea800 JavaThread "RenrenScheduler_Worker-12" [_thread_blocked, id=18872, stack(0x0000000022c00000,0x0000000022d00000)]
  0x000000001bfe9000 JavaThread "RenrenScheduler_Worker-11" [_thread_blocked, id=8492, stack(0x0000000022b00000,0x0000000022c00000)]
  0x000000001bfec800 JavaThread "RenrenScheduler_Worker-10" [_thread_blocked, id=11544, stack(0x0000000022a00000,0x0000000022b00000)]
  0x000000001bfe7800 JavaThread "RenrenScheduler_Worker-9" [_thread_blocked, id=16132, stack(0x0000000022900000,0x0000000022a00000)]
  0x000000001bfe8000 JavaThread "RenrenScheduler_Worker-8" [_thread_blocked, id=18176, stack(0x0000000022800000,0x0000000022900000)]
  0x000000001bfe9800 JavaThread "RenrenScheduler_Worker-7" [_thread_blocked, id=4752, stack(0x0000000022700000,0x0000000022800000)]
  0x000000001c1fe000 JavaThread "RenrenScheduler_Worker-6" [_thread_blocked, id=16024, stack(0x0000000022600000,0x0000000022700000)]
  0x000000001c200800 JavaThread "RenrenScheduler_Worker-5" [_thread_blocked, id=18268, stack(0x0000000022500000,0x0000000022600000)]
  0x000000001c1fc800 JavaThread "RenrenScheduler_Worker-4" [_thread_blocked, id=2764, stack(0x0000000022400000,0x0000000022500000)]
  0x000000001c1fd800 JavaThread "RenrenScheduler_Worker-3" [_thread_blocked, id=17092, stack(0x00000000220f0000,0x00000000221f0000)]
  0x000000001c202800 JavaThread "RenrenScheduler_Worker-2" [_thread_blocked, id=2344, stack(0x0000000021ff0000,0x00000000220f0000)]
  0x000000001c202000 JavaThread "RenrenScheduler_Worker-1" [_thread_blocked, id=3828, stack(0x0000000020df0000,0x0000000020ef0000)]
  0x000000001c1ff800 JavaThread "container-0" [_thread_blocked, id=18264, stack(0x0000000021af0000,0x0000000021bf0000)]
  0x000000001c1ff000 JavaThread "Catalina-utility-2" [_thread_blocked, id=18360, stack(0x00000000219f0000,0x0000000021af0000)]
  0x000000001c201000 JavaThread "Catalina-utility-1" [_thread_blocked, id=18712, stack(0x00000000218f0000,0x00000000219f0000)]
  0x000000001d8cf800 JavaThread "ForkJoinPool.commonPool-worker-3" daemon [_thread_blocked, id=3620, stack(0x0000000020ef0000,0x0000000020ff0000)]
  0x000000001a1fb000 JavaThread "ForkJoinPool.commonPool-worker-1" daemon [_thread_blocked, id=8536, stack(0x0000000020cf0000,0x0000000020df0000)]
  0x00000000187d4800 JavaThread "Druid-ConnectionPool-Destroy-912784040" daemon [_thread_blocked, id=16268, stack(0x00000000209f0000,0x0000000020af0000)]
  0x00000000173b1800 JavaThread "Druid-ConnectionPool-Create-912784040" daemon [_thread_blocked, id=7944, stack(0x000000001ee70000,0x000000001ef70000)]
  0x000000001d3e6800 JavaThread "mysql-cj-abandoned-connection-cleanup" daemon [_thread_blocked, id=6588, stack(0x000000001eb20000,0x000000001ec20000)]
  0x000000001c18b000 JavaThread "logback-1" daemon [_thread_blocked, id=11112, stack(0x000000001aab0000,0x000000001abb0000)]
  0x00000000173ce000 JavaThread "Service Thread" daemon [_thread_blocked, id=5612, stack(0x0000000019030000,0x0000000019130000)]
  0x00000000173a8000 JavaThread "C1 CompilerThread2" daemon [_thread_blocked, id=8824, stack(0x0000000018f30000,0x0000000019030000)]
=>0x00000000173a1800 JavaThread "C2 CompilerThread1" daemon [_thread_in_native, id=840, stack(0x0000000018e30000,0x0000000018f30000)]
  0x000000001739d000 JavaThread "C2 CompilerThread0" daemon [_thread_in_native, id=17056, stack(0x0000000018d30000,0x0000000018e30000)]
  0x0000000018773800 JavaThread "Attach Listener" daemon [_thread_blocked, id=11360, stack(0x0000000018c30000,0x0000000018d30000)]
  0x0000000017388000 JavaThread "Signal Dispatcher" daemon [_thread_blocked, id=4804, stack(0x0000000018b30000,0x0000000018c30000)]
  0x000000001735f800 JavaThread "Finalizer" daemon [_thread_blocked, id=11556, stack(0x00000000185d0000,0x00000000186d0000)]
  0x0000000002899800 JavaThread "Reference Handler" daemon [_thread_blocked, id=17172, stack(0x00000000184d0000,0x00000000185d0000)]
  0x00000000027ab000 JavaThread "main" [_thread_in_native, id=13128, stack(0x0000000002300000,0x0000000002400000)]

Other Threads:
  0x0000000017338000 VMThread [stack: 0x00000000183d0000,0x00000000184d0000] [id=2000]
  0x000000001887b000 WatcherThread [stack: 0x0000000019130000,0x0000000019230000] [id=3404]

VM state:not at safepoint (normal execution)

VM Mutex/Monitor currently owned by a thread: None

Heap:
 PSYoungGen      total 262144K, used 143657K [0x00000000d6100000, 0x00000000e7580000, 0x0000000100000000)
  eden space 246784K, 52% used [0x00000000d6100000,0x00000000de008b10,0x00000000e5200000)
  from space 15360K, 88% used [0x00000000e5200000,0x00000000e5f41cc0,0x00000000e6100000)
  to   space 15360K, 0% used [0x00000000e6100000,0x00000000e6100000,0x00000000e7000000)
 ParOldGen       total 134144K, used 34354K [0x0000000082200000, 0x000000008a500000, 0x00000000d6100000)
  object space 134144K, 25% used [0x0000000082200000,0x000000008438cb98,0x000000008a500000)
 Metaspace       used 69715K, capacity 72348K, committed 72408K, reserved 1112064K
  class space    used 8704K, capacity 9174K, committed 9216K, reserved 1048576K

Card table byte_map: [0x0000000011c60000,0x0000000012050000] byte_map_base: 0x000000001184f000

Marking Bits: (ParMarkBitMap*) 0x000000006f85d850
 Begin Bits: [0x00000000126f0000, 0x0000000014668000)
 End Bits:   [0x0000000014668000, 0x00000000165e0000)

Polling page: 0x00000000001f0000

CodeCache: size=245760Kb used=22719Kb max_used=22722Kb free=223040Kb
 bounds [0x00000000028a0000, 0x0000000003ef0000, 0x00000000118a0000]
 total_blobs=6884 nmethods=6331 adapters=464
 compilation: enabled

Compilation events (10 events):
Event: 13.532 Thread 0x00000000173a8000 nmethod 7360 0x00000000036476d0 code [0x0000000003647940, 0x0000000003648168]
Event: 13.532 Thread 0x00000000173a8000 7361       1       java.beans.GenericBeanInfo::getPropertyDescriptors (5 bytes)
Event: 13.532 Thread 0x00000000173a8000 nmethod 7361 0x0000000003647410 code [0x0000000003647560, 0x0000000003647670]
Event: 13.532 Thread 0x00000000173a8000 7362       2       java.beans.PropertyDescriptor::setPropertyType (9 bytes)
Event: 13.532 Thread 0x00000000173a8000 nmethod 7362 0x0000000003646f90 code [0x0000000003647100, 0x0000000003647328]
Event: 13.532 Thread 0x00000000173a8000 7363       1       java.beans.Introspector::getTargetDefaultEventIndex (5 bytes)
Event: 13.532 Thread 0x00000000173a8000 nmethod 7363 0x0000000003646cd0 code [0x0000000003646e20, 0x0000000003646f30]
Event: 13.533 Thread 0x00000000173a8000 7364       1       java.beans.Introspector::getTargetDefaultPropertyIndex (5 bytes)
Event: 13.533 Thread 0x00000000173a8000 nmethod 7364 0x0000000003646a10 code [0x0000000003646b60, 0x0000000003646c70]
Event: 13.537 Thread 0x00000000173a8000 7365   !   2       org.springframework.boot.context.properties.source.SpringIterableConfigurationPropertySource::getCache (55 bytes)

GC Heap History (10 events):
Event: 6.065 GC heap before
{Heap before GC invocations=12 (full 2):
 PSYoungGen      total 157184K, used 143872K [0x00000000d6100000, 0x00000000e3c00000, 0x0000000100000000)
  eden space 143872K, 100% used [0x00000000d6100000,0x00000000ded80000,0x00000000ded80000)
  from space 13312K, 0% used [0x00000000ded80000,0x00000000ded80000,0x00000000dfa80000)
  to   space 13312K, 0% used [0x00000000e2f00000,0x00000000e2f00000,0x00000000e3c00000)
 ParOldGen       total 88064K, used 15136K [0x0000000082200000, 0x0000000087800000, 0x00000000d6100000)
  object space 88064K, 17% used [0x0000000082200000,0x00000000830c82a8,0x0000000087800000)
 Metaspace       used 43287K, capacity 44664K, committed 44888K, reserved 1089536K
  class space    used 5378K, capacity 5662K, committed 5760K, reserved 1048576K
Event: 6.074 GC heap after
Heap after GC invocations=12 (full 2):
 PSYoungGen      total 199168K, used 9078K [0x00000000d6100000, 0x00000000e3800000, 0x0000000100000000)
  eden space 189952K, 0% used [0x00000000d6100000,0x00000000d6100000,0x00000000e1a80000)
  from space 9216K, 98% used [0x00000000e2f00000,0x00000000e37dd928,0x00000000e3800000)
  to   space 13312K, 0% used [0x00000000e1e00000,0x00000000e1e00000,0x00000000e2b00000)
 ParOldGen       total 88064K, used 15152K [0x0000000082200000, 0x0000000087800000, 0x00000000d6100000)
  object space 88064K, 17% used [0x0000000082200000,0x00000000830cc2b8,0x0000000087800000)
 Metaspace       used 43287K, capacity 44664K, committed 44888K, reserved 1089536K
  class space    used 5378K, capacity 5662K, committed 5760K, reserved 1048576K
}
Event: 7.634 GC heap before
{Heap before GC invocations=13 (full 2):
 PSYoungGen      total 199168K, used 199030K [0x00000000d6100000, 0x00000000e3800000, 0x0000000100000000)
  eden space 189952K, 100% used [0x00000000d6100000,0x00000000e1a80000,0x00000000e1a80000)
  from space 9216K, 98% used [0x00000000e2f00000,0x00000000e37dd928,0x00000000e3800000)
  to   space 13312K, 0% used [0x00000000e1e00000,0x00000000e1e00000,0x00000000e2b00000)
 ParOldGen       total 88064K, used 15152K [0x0000000082200000, 0x0000000087800000, 0x00000000d6100000)
  object space 88064K, 17% used [0x0000000082200000,0x00000000830cc2b8,0x0000000087800000)
 Metaspace       used 49429K, capacity 51240K, committed 51544K, reserved 1093632K
  class space    used 6120K, capacity 6470K, committed 6528K, reserved 1048576K
Event: 7.653 GC heap after
Heap after GC invocations=13 (full 2):
 PSYoungGen      total 206848K, used 13302K [0x00000000d6100000, 0x00000000e7000000, 0x0000000100000000)
  eden space 193536K, 0% used [0x00000000d6100000,0x00000000d6100000,0x00000000e1e00000)
  from space 13312K, 99% used [0x00000000e1e00000,0x00000000e2afd968,0x00000000e2b00000)
  to   space 15360K, 0% used [0x00000000e6100000,0x00000000e6100000,0x00000000e7000000)
 ParOldGen       total 88064K, used 16898K [0x0000000082200000, 0x0000000087800000, 0x00000000d6100000)
  object space 88064K, 19% used [0x0000000082200000,0x00000000832808c0,0x0000000087800000)
 Metaspace       used 49429K, capacity 51240K, committed 51544K, reserved 1093632K
  class space    used 6120K, capacity 6470K, committed 6528K, reserved 1048576K
}
Event: 8.986 GC heap before
{Heap before GC invocations=14 (full 2):
 PSYoungGen      total 206848K, used 169932K [0x00000000d6100000, 0x00000000e7000000, 0x0000000100000000)
  eden space 193536K, 80% used [0x00000000d6100000,0x00000000df9f5a50,0x00000000e1e00000)
  from space 13312K, 99% used [0x00000000e1e00000,0x00000000e2afd968,0x00000000e2b00000)
  to   space 15360K, 0% used [0x00000000e6100000,0x00000000e6100000,0x00000000e7000000)
 ParOldGen       total 88064K, used 16898K [0x0000000082200000, 0x0000000087800000, 0x00000000d6100000)
  object space 88064K, 19% used [0x0000000082200000,0x00000000832808c0,0x0000000087800000)
 Metaspace       used 56848K, capacity 58770K, committed 58968K, reserved 1101824K
  class space    used 7102K, capacity 7471K, committed 7552K, reserved 1048576K
Event: 9.020 GC heap after
Heap after GC invocations=14 (full 2):
 PSYoungGen      total 262144K, used 10774K [0x00000000d6100000, 0x00000000e7580000, 0x0000000100000000)
  eden space 246784K, 0% used [0x00000000d6100000,0x00000000d6100000,0x00000000e5200000)
  from space 15360K, 70% used [0x00000000e6100000,0x00000000e6b85af0,0x00000000e7000000)
  to   space 15360K, 0% used [0x00000000e5200000,0x00000000e5200000,0x00000000e6100000)
 ParOldGen       total 88064K, used 26529K [0x0000000082200000, 0x0000000087800000, 0x00000000d6100000)
  object space 88064K, 30% used [0x0000000082200000,0x0000000083be8768,0x0000000087800000)
 Metaspace       used 56848K, capacity 58770K, committed 58968K, reserved 1101824K
  class space    used 7102K, capacity 7471K, committed 7552K, reserved 1048576K
}
Event: 9.021 GC heap before
{Heap before GC invocations=15 (full 3):
 PSYoungGen      total 262144K, used 10774K [0x00000000d6100000, 0x00000000e7580000, 0x0000000100000000)
  eden space 246784K, 0% used [0x00000000d6100000,0x00000000d6100000,0x00000000e5200000)
  from space 15360K, 70% used [0x00000000e6100000,0x00000000e6b85af0,0x00000000e7000000)
  to   space 15360K, 0% used [0x00000000e5200000,0x00000000e5200000,0x00000000e6100000)
 ParOldGen       total 88064K, used 26529K [0x0000000082200000, 0x0000000087800000, 0x00000000d6100000)
  object space 88064K, 30% used [0x0000000082200000,0x0000000083be8768,0x0000000087800000)
 Metaspace       used 56848K, capacity 58770K, committed 58968K, reserved 1101824K
  class space    used 7102K, capacity 7471K, committed 7552K, reserved 1048576K
Event: 9.262 GC heap after
Heap after GC invocations=15 (full 3):
 PSYoungGen      total 262144K, used 0K [0x00000000d6100000, 0x00000000e7580000, 0x0000000100000000)
  eden space 246784K, 0% used [0x00000000d6100000,0x00000000d6100000,0x00000000e5200000)
  from space 15360K, 0% used [0x00000000e6100000,0x00000000e6100000,0x00000000e7000000)
  to   space 15360K, 0% used [0x00000000e5200000,0x00000000e5200000,0x00000000e6100000)
 ParOldGen       total 134144K, used 34346K [0x0000000082200000, 0x000000008a500000, 0x00000000d6100000)
  object space 134144K, 25% used [0x0000000082200000,0x000000008438ab98,0x000000008a500000)
 Metaspace       used 56848K, capacity 58770K, committed 58968K, reserved 1101824K
  class space    used 7102K, capacity 7471K, committed 7552K, reserved 1048576K
}
Event: 11.592 GC heap before
{Heap before GC invocations=16 (full 3):
 PSYoungGen      total 262144K, used 246784K [0x00000000d6100000, 0x00000000e7580000, 0x0000000100000000)
  eden space 246784K, 100% used [0x00000000d6100000,0x00000000e5200000,0x00000000e5200000)
  from space 15360K, 0% used [0x00000000e6100000,0x00000000e6100000,0x00000000e7000000)
  to   space 15360K, 0% used [0x00000000e5200000,0x00000000e5200000,0x00000000e6100000)
 ParOldGen       total 134144K, used 34346K [0x0000000082200000, 0x000000008a500000, 0x00000000d6100000)
  object space 134144K, 25% used [0x0000000082200000,0x000000008438ab98,0x000000008a500000)
 Metaspace       used 66999K, capacity 69338K, committed 69592K, reserved 1110016K
  class space    used 8258K, capacity 8671K, committed 8704K, reserved 1048576K
Event: 11.621 GC heap after
Heap after GC invocations=16 (full 3):
 PSYoungGen      total 262144K, used 13575K [0x00000000d6100000, 0x00000000e7580000, 0x0000000100000000)
  eden space 246784K, 0% used [0x00000000d6100000,0x00000000d6100000,0x00000000e5200000)
  from space 15360K, 88% used [0x00000000e5200000,0x00000000e5f41cc0,0x00000000e6100000)
  to   space 15360K, 0% used [0x00000000e6100000,0x00000000e6100000,0x00000000e7000000)
 ParOldGen       total 134144K, used 34354K [0x0000000082200000, 0x000000008a500000, 0x00000000d6100000)
  object space 134144K, 25% used [0x0000000082200000,0x000000008438cb98,0x000000008a500000)
 Metaspace       used 66999K, capacity 69338K, committed 69592K, reserved 1110016K
  class space    used 8258K, capacity 8671K, committed 8704K, reserved 1048576K
}

Deoptimization events (10 events):
Event: 11.664 Thread 0x00000000027ab000 Uncommon trap: reason=unstable_if action=reinterpret pc=0x0000000003a02808 method=java.lang.Character.isLetterOrDigit(I)Z @ 10
Event: 11.723 Thread 0x00000000027ab000 Uncommon trap: reason=unstable_if action=reinterpret pc=0x0000000003a87d3c method=java.util.concurrent.ConcurrentHashMap.get(Ljava/lang/Object;)Ljava/lang/Object; @ 86
Event: 11.726 Thread 0x00000000027ab000 Uncommon trap: reason=unstable_if action=reinterpret pc=0x0000000002c7e45c method=java.util.concurrent.ConcurrentHashMap.transfer([Ljava/util/concurrent/ConcurrentHashMap$Node;[Ljava/util/concurrent/ConcurrentHashMap$Node;)V @ 356
Event: 11.732 Thread 0x00000000027ab000 Uncommon trap: reason=unloaded action=reinterpret pc=0x0000000003ca349c method=org.aspectj.apache.bcel.classfile.Constant.readConstant(Ljava/io/DataInputStream;)Lorg/aspectj/apache/bcel/classfile/Constant; @ 172
Event: 11.738 Thread 0x00000000027ab000 Uncommon trap: reason=unstable_if action=reinterpret pc=0x0000000002c69fc8 method=java.util.concurrent.ConcurrentHashMap.transfer([Ljava/util/concurrent/ConcurrentHashMap$Node;[Ljava/util/concurrent/ConcurrentHashMap$Node;)V @ 356
Event: 11.882 Thread 0x00000000027ab000 Uncommon trap: reason=predicate action=maybe_recompile pc=0x0000000003db40a8 method=org.springframework.util.ReflectionUtils.doWithMethods(Ljava/lang/Class;Lorg/springframework/util/ReflectionUtils$MethodCallback;Lorg/springframework/util/ReflectionUtils$
Event: 11.953 Thread 0x00000000027ab000 Uncommon trap: reason=unstable_if action=reinterpret pc=0x00000000038e9ae4 method=org.springframework.beans.factory.support.AbstractBeanFactory.isTypeMatch(Ljava/lang/String;Lorg/springframework/core/ResolvableType;)Z @ 26
Event: 12.096 Thread 0x00000000027ab000 Uncommon trap: reason=class_check action=maybe_recompile pc=0x000000000313d398 method=org.springframework.core.annotation.AnnotationUtils.getDeclaredAnnotations(Ljava/lang/reflect/AnnotatedElement;)[Ljava/lang/annotation/Annotation; @ 33
Event: 13.000 Thread 0x00000000027ab000 Uncommon trap: reason=unstable_if action=reinterpret pc=0x0000000003c24884 method=java.lang.Class$MethodArray.removeLessSpecifics()V @ 78
Event: 13.475 Thread 0x00000000027ab000 Uncommon trap: reason=unstable_if action=reinterpret pc=0x0000000003e850a4 method=java.util.concurrent.ConcurrentHashMap.get(Ljava/lang/Object;)Ljava/lang/Object; @ 86

Internal exceptions (10 events):
Event: 13.352 Thread 0x00000000027ab000 Exception <a 'java/lang/ClassNotFoundException': org/springframework/context/ApplicationListenerCustomizer> (0x00000000dc5026c0) thrown at [C:\re\workspace\8-2-build-windows-amd64-cygwin\jdk8u144\9417\hotspot\src\share\vm\classfile\systemDictionary.cpp, l
Event: 13.353 Thread 0x00000000027ab000 Exception <a 'java/lang/ClassNotFoundException': java/util/EventListenerCustomizer> (0x00000000dc5125f0) thrown at [C:\re\workspace\8-2-build-windows-amd64-cygwin\jdk8u144\9417\hotspot\src\share\vm\classfile\systemDictionary.cpp, line 210]
Event: 13.353 Thread 0x00000000027ab000 Exception <a 'java/lang/ClassNotFoundException': org/springframework/data/keyvalue/core/KeyValueAdapterCustomizer> (0x00000000dc5411f8) thrown at [C:\re\workspace\8-2-build-windows-amd64-cygwin\jdk8u144\9417\hotspot\src\share\vm\classfile\systemDictionary
Event: 13.354 Thread 0x00000000027ab000 Exception <a 'java/lang/ClassNotFoundException': org/springframework/beans/factory/DisposableBeanCustomizer> (0x00000000dc57cd60) thrown at [C:\re\workspace\8-2-build-windows-amd64-cygwin\jdk8u144\9417\hotspot\src\share\vm\classfile\systemDictionary.cpp, 
Event: 13.529 Thread 0x00000000027ab000 Exception <a 'java/lang/ClassNotFoundException': java/lang/ObjectCustomizer> (0x00000000dd9c7ed0) thrown at [C:\re\workspace\8-2-build-windows-amd64-cygwin\jdk8u144\9417\hotspot\src\share\vm\classfile\systemDictionary.cpp, line 210]
Event: 13.530 Thread 0x00000000027ab000 Exception <a 'java/lang/ClassNotFoundException': org/springframework/boot/autoconfigure/reactor/core/ReactorCoreAutoConfigurationCustomizer> (0x00000000dda066c8) thrown at [C:\re\workspace\8-2-build-windows-amd64-cygwin\jdk8u144\9417\hotspot\src\share\vm\
Event: 13.531 Thread 0x00000000027ab000 Exception <a 'java/lang/ClassNotFoundException': org/springframework/boot/autoconfigure/reactor/core/ReactorCoreAutoConfiguration$$EnhancerBySpringCGLIB$$90c2df8Customizer> (0x00000000dda53220) thrown at [C:\re\workspace\8-2-build-windows-amd64-cygwin\jdk
Event: 13.532 Thread 0x00000000027ab000 Exception <a 'java/lang/ClassNotFoundException': org/springframework/context/annotation/ConfigurationClassEnhancer$EnhancedConfigurationCustomizer> (0x00000000dda97e78) thrown at [C:\re\workspace\8-2-build-windows-amd64-cygwin\jdk8u144\9417\hotspot\src\sh
Event: 13.533 Thread 0x00000000027ab000 Exception <a 'java/lang/ClassNotFoundException': org/springframework/beans/factory/BeanFactoryAwareCustomizer> (0x00000000ddac44a0) thrown at [C:\re\workspace\8-2-build-windows-amd64-cygwin\jdk8u144\9417\hotspot\src\share\vm\classfile\systemDictionary.cpp
Event: 13.534 Thread 0x00000000027ab000 Exception <a 'java/lang/ClassNotFoundException': org/springframework/beans/factory/AwareCustomizer> (0x00000000ddaebcb8) thrown at [C:\re\workspace\8-2-build-windows-amd64-cygwin\jdk8u144\9417\hotspot\src\share\vm\classfile\systemDictionary.cpp, line 210]

Events (10 events):
Event: 13.533 loading class org/springframework/beans/factory/BeanFactoryAwareCustomizer
Event: 13.533 loading class org/springframework/beans/factory/BeanFactoryAwareCustomizer done
Event: 13.533 loading class org/springframework/beans/factory/BeanFactoryAwareCustomizer
Event: 13.533 loading class org/springframework/beans/factory/BeanFactoryAwareCustomizer done
Event: 13.533 loading class org/springframework/beans/factory/AwareCustomizer
Event: 13.533 loading class org/springframework/beans/factory/AwareCustomizer done
Event: 13.533 loading class org/springframework/beans/factory/AwareCustomizer
Event: 13.533 loading class org/springframework/beans/factory/AwareCustomizer done
Event: 13.534 loading class org/springframework/beans/factory/AwareCustomizer
Event: 13.534 loading class org/springframework/beans/factory/AwareCustomizer done


Dynamic libraries:
0x00007ff7b9690000 - 0x00007ff7b96c7000 	C:\Program Files\Java\jdk1.8.0_144\bin\java.exe
0x00007fff5da20000 - 0x00007fff5dc10000 	C:\WINDOWS\SYSTEM32\ntdll.dll
0x00007fff5bad0000 - 0x00007fff5bb82000 	C:\WINDOWS\System32\KERNEL32.DLL
0x00007fff5a9e0000 - 0x00007fff5ac84000 	C:\WINDOWS\System32\KERNELBASE.dll
0x00007fff5cd10000 - 0x00007fff5cdb3000 	C:\WINDOWS\System32\ADVAPI32.dll
0x00007fff5c350000 - 0x00007fff5c3ee000 	C:\WINDOWS\System32\msvcrt.dll
0x00007fff5cc00000 - 0x00007fff5cc97000 	C:\WINDOWS\System32\sechost.dll
0x00007fff5d8c0000 - 0x00007fff5d9e0000 	C:\WINDOWS\System32\RPCRT4.dll
0x00007fff5c920000 - 0x00007fff5cab4000 	C:\WINDOWS\System32\USER32.dll
0x00007fff5b850000 - 0x00007fff5b871000 	C:\WINDOWS\System32\win32u.dll
0x00007fff5d080000 - 0x00007fff5d0a6000 	C:\WINDOWS\System32\GDI32.dll
0x00007fff5b6b0000 - 0x00007fff5b844000 	C:\WINDOWS\System32\gdi32full.dll
0x00007fff5b460000 - 0x00007fff5b4fe000 	C:\WINDOWS\System32\msvcp_win.dll
0x00007fff5b880000 - 0x00007fff5b97a000 	C:\WINDOWS\System32\ucrtbase.dll
0x00007fff4bac0000 - 0x00007fff4bd44000 	C:\WINDOWS\WinSxS\amd64_microsoft.windows.common-controls_6595b64144ccf1df_6.0.18362.836_none_e6c4b943130f18ed\COMCTL32.dll
0x00007fff5d120000 - 0x00007fff5d456000 	C:\WINDOWS\System32\combase.dll
0x00007fff5b560000 - 0x00007fff5b5e0000 	C:\WINDOWS\System32\bcryptPrimitives.dll
0x00007fff5c8f0000 - 0x00007fff5c91e000 	C:\WINDOWS\System32\IMM32.DLL
0x000000006f8e0000 - 0x000000006f9b2000 	C:\Program Files\Java\jdk1.8.0_144\jre\bin\msvcr100.dll
0x000000006f040000 - 0x000000006f8dd000 	C:\Program Files\Java\jdk1.8.0_144\jre\bin\server\jvm.dll
0x00007fff5c3f0000 - 0x00007fff5c3f8000 	C:\WINDOWS\System32\PSAPI.DLL
0x00007fff506d0000 - 0x00007fff506da000 	C:\WINDOWS\SYSTEM32\VERSION.dll
0x00007fff57260000 - 0x00007fff57284000 	C:\WINDOWS\SYSTEM32\WINMM.dll
0x00007fff57360000 - 0x00007fff57369000 	C:\WINDOWS\SYSTEM32\WSOCK32.dll
0x00007fff5cf50000 - 0x00007fff5cfbf000 	C:\WINDOWS\System32\WS2_32.dll
0x00007fff57150000 - 0x00007fff5717d000 	C:\WINDOWS\SYSTEM32\WINMMBASE.dll
0x00007fff5b410000 - 0x00007fff5b45a000 	C:\WINDOWS\System32\cfgmgr32.dll
0x0000000070750000 - 0x000000007075f000 	C:\Program Files\Java\jdk1.8.0_144\jre\bin\verify.dll
0x0000000070720000 - 0x0000000070749000 	C:\Program Files\Java\jdk1.8.0_144\jre\bin\java.dll
0x0000000070700000 - 0x0000000070716000 	C:\Program Files\Java\jdk1.8.0_144\jre\bin\zip.dll
0x00007fff5bb90000 - 0x00007fff5c274000 	C:\WINDOWS\System32\SHELL32.dll
0x00007fff5d5b0000 - 0x00007fff5d659000 	C:\WINDOWS\System32\shcore.dll
0x00007fff5ac90000 - 0x00007fff5b40e000 	C:\WINDOWS\System32\windows.storage.dll
0x00007fff5a980000 - 0x00007fff5a9a3000 	C:\WINDOWS\System32\profapi.dll
0x00007fff5a910000 - 0x00007fff5a95a000 	C:\WINDOWS\System32\powrprof.dll
0x00007fff5a8e0000 - 0x00007fff5a8f0000 	C:\WINDOWS\System32\UMPDC.dll
0x00007fff5cfc0000 - 0x00007fff5d012000 	C:\WINDOWS\System32\shlwapi.dll
0x00007fff5a8f0000 - 0x00007fff5a901000 	C:\WINDOWS\System32\kernel.appcore.dll
0x00007fff5b5e0000 - 0x00007fff5b5f7000 	C:\WINDOWS\System32\cryptsp.dll
0x000000006eff0000 - 0x000000006f00a000 	C:\Program Files\Java\jdk1.8.0_144\jre\bin\net.dll
0x00007fff5a150000 - 0x00007fff5a1b7000 	C:\WINDOWS\system32\mswsock.dll
0x00007fff59e60000 - 0x00007fff59e9a000 	C:\WINDOWS\SYSTEM32\IPHLPAPI.DLL
0x00007fff5cf40000 - 0x00007fff5cf48000 	C:\WINDOWS\System32\NSI.dll
0x00007fff51d10000 - 0x00007fff51d26000 	C:\WINDOWS\SYSTEM32\dhcpcsvc6.DLL
0x00007fff52240000 - 0x00007fff5225c000 	C:\WINDOWS\SYSTEM32\dhcpcsvc.DLL
0x00007fff59ea0000 - 0x00007fff59f6b000 	C:\WINDOWS\SYSTEM32\DNSAPI.dll
0x00007fff4b390000 - 0x00007fff4b39a000 	C:\Windows\System32\rasadhlp.dll
0x00007fff50750000 - 0x00007fff507c7000 	C:\WINDOWS\System32\fwpuclnt.dll
0x00007fff5a9b0000 - 0x00007fff5a9d6000 	C:\WINDOWS\System32\bcrypt.dll
0x000000006efc0000 - 0x000000006efcd000 	C:\Program Files\Java\jdk1.8.0_144\jre\bin\management.dll
0x00007fff46d60000 - 0x00007fff46d76000 	C:\WINDOWS\system32\napinsp.dll
0x00007fff44770000 - 0x00007fff4478a000 	C:\WINDOWS\system32\pnrpnsp.dll
0x00007fff4b260000 - 0x00007fff4b26e000 	C:\WINDOWS\System32\winrnr.dll
0x00007fff57530000 - 0x00007fff5754c000 	C:\WINDOWS\system32\NLAapi.dll
0x00007fff3bde0000 - 0x00007fff3bdf5000 	C:\WINDOWS\system32\wshbth.dll
0x000000006efd0000 - 0x000000006efe1000 	C:\Program Files\Java\jdk1.8.0_144\jre\bin\nio.dll
0x000000006ef90000 - 0x000000006efb4000 	C:\Program Files\Java\jdk1.8.0_144\jre\bin\sunec.dll
0x00007fff59cc0000 - 0x00007fff59cf3000 	C:\WINDOWS\system32\rsaenh.dll
0x00007fff5a7d0000 - 0x00007fff5a7f5000 	C:\WINDOWS\SYSTEM32\USERENV.dll
0x00007fff5a320000 - 0x00007fff5a32c000 	C:\WINDOWS\SYSTEM32\CRYPTBASE.dll
0x0000000180000000 - 0x0000000180281000 	E:\Android\TeachingResource\apache-tomcat-8.5.42\bin\tcnative-1.dll
0x00007fff5b980000 - 0x00007fff5bac9000 	C:\WINDOWS\System32\CRYPT32.dll
0x00007fff5a960000 - 0x00007fff5a972000 	C:\WINDOWS\System32\MSASN1.dll

VM Arguments:
java_command: io.renren.RenrenApplication
java_class_path (initial): E:\实习工作\spring boot\谷粒商城\1-分布式基础_全栈开发篇\代码\gulimall\renren-fast\target\classes;D:\DevInstall\apache-maven-3.6.3\RepMaven\com\atguigu\gulimall\gulimall-common\0.0.1-SNAPSHOT\gulimall-common-0.0.1-SNAPSHOT.jar;D:\DevInstall\apache-maven-3.6.3\RepMaven\org\apache\httpcomponents\httpcore\4.4.12\httpcore-4.4.12.jar;D:\DevInstall\apache-maven-3.6.3\RepMaven\com\alibaba\cloud\spring-cloud-starter-alibaba-nacos-discovery\2.1.0.RELEASE\spring-cloud-starter-alibaba-nacos-discovery-2.1.0.RELEASE.jar;D:\DevInstall\apache-maven-3.6.3\RepMaven\com\alibaba\cloud\spring-cloud-alibaba-nacos-discovery\2.1.0.RELEASE\spring-cloud-alibaba-nacos-discovery-2.1.0.RELEASE.jar;D:\DevInstall\apache-maven-3.6.3\RepMaven\com\alibaba\nacos\nacos-client\1.1.1\nacos-client-1.1.1.jar;D:\DevInstall\apache-maven-3.6.3\RepMaven\com\alibaba\nacos\nacos-common\1.1.1\nacos-common-1.1.1.jar;D:\DevInstall\apache-maven-3.6.3\RepMaven\org\apache\commons\commons-lang3\3.8.1\commons-lang3-3.8.1.jar;D:\DevInstall\apache-maven-3.6.3\RepMaven\com\alibaba\nacos\nacos-api\1.1.1\nacos-api-1.1.1.jar;D:\DevInstall\apache-maven-3.6.3\RepMaven\io\prometheus\simpleclient\0.5.0\simpleclient-0.5.0.jar;D:\DevInstall\apache-maven-3.6.3\RepMaven\org\springframework\cloud\spring-cloud-commons\2.1.2.RELEASE\spring-cloud-commons-2.1.2.RELEASE.jar;D:\DevInstall\apache-maven-3.6.3\RepMaven\org\springframework\security\spring-security-crypto\5.1.6.RELEASE\spring-security-crypto-5.1.6.RELEASE.jar;D:\DevInstall\apache-maven-3.6.3\RepMaven\org\springframework\cloud\spring-cloud-context\2.1.2.RELEASE\spring-cloud-context-2.1.2.RELEASE.jar;D:\DevInstall\apache-maven-3.6.3\RepMaven\org\springframework\cloud\spring-cloud-starter-netflix-ribbon\2.1.2.RELEASE\spring-cloud-starter-netflix-ribbon-2.1.2.RELEASE.jar;D:\DevInstall\apache-maven-3.6.3\RepMaven\org\springframework\cloud\spring-cloud-starter\2.1.2.RELEASE\spring-cloud-starter-2.1.2.RELEASE.jar;D:\DevInstall\apache-maven-3.6.3\RepMaven\
Launcher Type: SUN_STANDARD

Environment Variables:
JAVA_HOME=C:\Program Files\Java\jre1.8.0_181
PATH=D:\Xftp6\;C:\Program Files (x86)\Common Files\Oracle\Java\javapath;C:\WINDOWS\system32;C:\WINDOWS;C:\WINDOWS\System32\Wbem;C:\WINDOWS\System32\WindowsPowerShell\v1.0\;C:\WINDOWS\System32\OpenSSH\;"C:\Windows\System32;";D:\Git\Git\cmd;D:\putty\;C:\Program Files\Java\jre1.8.0_181\bin;E:\Android\TeachingResource\apache-tomcat-8.5.42\bin;D:\nodejs\nodejs\;C:\Program Files\Microsoft VS Code\bin;E:\aSoftTest\Maven\apache-maven-3.6.2\bin;C:\Program Files\Java\jdk1.8.0_144\bin;C:\Program Files (x86)\Google\Chrome\Application;D:\PHPWAMP_IN3_1\phpwamp\server\PHP-5.6.14;D:\DevInstall\apache-maven-3.6.3\bin;D:\python\Graphviz\bin;D:\python\Anaconda3;D:\python\Anaconda3\Library\mingw-w64\bin;D:\python\Anaconda3\Library\usr\bin;D:\python\Anaconda3\Library\bin;D:\python\Anaconda3\Scripts;C:\Users\罗东\AppData\Local\Microsoft\WindowsApps;D:\zip\;D:\Fiddler;D:\PhpStorm\PhpStorm 2019\bin;C:\Users\罗东\AppData\Roaming\npm;C:\Users\罗东\AppData\Local\GitHubDesktop\bin;C:\Users\罗东\AppData\Local\Microsoft\WindowsApps;D:\devsoft\Microsoft VS Code\bin
USERNAME=罗东
OS=Windows_NT
PROCESSOR_IDENTIFIER=Intel64 Family 6 Model 142 Stepping 9, GenuineIntel



---------------  S Y S T E M  ---------------

OS: Windows 10.0 , 64 bit Build 18362 (10.0.18362.778)

CPU:total 4 (initial active 4) (2 cores per cpu, 2 threads per core) family 6 model 142 stepping 9, cmov, cx8, fxsr, mmx, sse, sse2, sse3, ssse3, sse4.1, sse4.2, popcnt, avx, avx2, aes, clmul, erms, 3dnowpref, lzcnt, ht, tsc, tscinvbit, bmi1, bmi2, adx

Memory: 4k page, physical 8243596k(763772k free), swap 16006340k(676k free)

vm_info: Java HotSpot(TM) 64-Bit Server VM (25.144-b01) for windows-amd64 JRE (1.8.0_144-b01), built on Jul 21 2017 21:57:33 by "java_re" with MS VC++ 10.0 (VS2010)

time: Mon Jun 01 11:20:48 2020
elapsed time: 13 seconds (0d 0h 0m 13s)

