#
# There is insufficient memory for the Java Runtime Environment to continue.
# Native memory allocation (malloc) failed to allocate 509616 bytes for Chunk::new
# Possible reasons:
#   The system is out of physical RAM or swap space
#   In 32 bit mode, the process size limit was hit
# Possible solutions:
#   Reduce memory load on the system
#   Increase physical memory or swap space
#   Check if swap backing store is full
#   Use 64 bit Java on a 64 bit OS
#   Decrease Java heap size (-Xmx/-Xms)
#   Decrease number of Java threads
#   Decrease Java thread stack sizes (-Xss)
#   Set larger code cache with -XX:ReservedCodeCacheSize=
# This output file may be truncated or incomplete.
#
#  Out of Memory Error (allocation.cpp:390), pid=20676, tid=0x0000000000005104
#
# JRE version: Java(TM) SE Runtime Environment (8.0_144-b01) (build 1.8.0_144-b01)
# Java VM: Java HotSpot(TM) 64-Bit Server VM (25.144-b01 mixed mode windows-amd64 compressed oops)
# Failed to write core dump. Minidumps are not enabled by default on client versions of Windows
#

---------------  T H R E A D  ---------------

Current thread (0x00000000181fb800):  JavaThread "C2 CompilerThread0" daemon [_thread_in_native, id=20740, stack(0x0000000019af0000,0x0000000019bf0000)]

Stack: [0x0000000019af0000,0x0000000019bf0000]
[error occurred during error reporting (printing stack bounds), id 0xc0000005]

Native frames: (J=compiled Java code, j=interpreted, Vv=VM code, C=native code)


Current CompileTask:
C2:   9996 4560   !   4       com.google.inject.spi.InjectionPoint::getInjectionPoints (489 bytes)


---------------  P R O C E S S  ---------------

Java Threads: ( => current thread )
  0x000000001957e800 JavaThread "Service Thread" daemon [_thread_blocked, id=21076, stack(0x0000000019df0000,0x0000000019ef0000)]
  0x0000000019502000 JavaThread "C1 CompilerThread2" daemon [_thread_blocked, id=9800, stack(0x0000000019cf0000,0x0000000019df0000)]
  0x00000000194f9000 JavaThread "C2 CompilerThread1" daemon [_thread_in_native, id=14452, stack(0x0000000019bf0000,0x0000000019cf0000)]
=>0x00000000181fb800 JavaThread "C2 CompilerThread0" daemon [_thread_in_native, id=20740, stack(0x0000000019af0000,0x0000000019bf0000)]
  0x00000000194f8800 JavaThread "Attach Listener" daemon [_thread_blocked, id=5948, stack(0x00000000199f0000,0x0000000019af0000)]
  0x00000000181ae800 JavaThread "Signal Dispatcher" daemon [_thread_blocked, id=19952, stack(0x00000000198f0000,0x00000000199f0000)]
  0x00000000036cb000 JavaThread "Finalizer" daemon [_thread_blocked, id=19756, stack(0x00000000193f0000,0x00000000194f0000)]
  0x00000000036c0000 JavaThread "Reference Handler" daemon [_thread_blocked, id=17488, stack(0x00000000192f0000,0x00000000193f0000)]
  0x000000000317e000 JavaThread "main" [_thread_in_native, id=20300, stack(0x00000000034d0000,0x00000000035d0000)]

Other Threads:
  0x0000000018168000 VMThread [stack: 0x00000000191f0000,0x00000000192f0000] [id=2024]
  0x00000000195b6800 WatcherThread [stack: 0x0000000019ef0000,0x0000000019ff0000] [id=19112]

VM state:not at safepoint (normal execution)

VM Mutex/Monitor currently owned by a thread: None

Heap:
 PSYoungGen      total 282624K, used 59911K [0x00000000d6100000, 0x00000000e8b00000, 0x0000000100000000)
  eden space 260096K, 23% used [0x00000000d6100000,0x00000000d9b81e40,0x00000000e5f00000)
  from space 22528K, 0% used [0x00000000e7500000,0x00000000e7500000,0x00000000e8b00000)
  to   space 22528K, 0% used [0x00000000e5f00000,0x00000000e5f00000,0x00000000e7500000)
 ParOldGen       total 101376K, used 37567K [0x0000000082200000, 0x0000000088500000, 0x00000000d6100000)
  object space 101376K, 37% used [0x0000000082200000,0x00000000846afd50,0x0000000088500000)
 Metaspace       used 22493K, capacity 23458K, committed 23680K, reserved 1071104K
  class space    used 2564K, capacity 2836K, committed 2944K, reserved 1048576K

Card table byte_map: [0x0000000012a90000,0x0000000012e80000] byte_map_base: 0x000000001267f000

Marking Bits: (ParMarkBitMap*) 0x000000006f5ad850
 Begin Bits: [0x0000000013520000, 0x0000000015498000)
 End Bits:   [0x0000000015498000, 0x0000000017410000)

Polling page: 0x00000000013a0000

CodeCache: size=245760Kb used=14429Kb max_used=14988Kb free=231330Kb
 bounds [0x00000000036d0000, 0x0000000004590000, 0x00000000126d0000]
 total_blobs=4389 nmethods=3979 adapters=321
 compilation: enabled

Compilation events (10 events):
Event: 9.931 Thread 0x0000000019502000 4653       3       org.codehaus.plexus.util.DirectoryScanner::isParentSymbolicLink (56 bytes)
Event: 9.932 Thread 0x0000000019502000 nmethod 4653 0x00000000040d2850 code [0x00000000040d2a40, 0x00000000040d3318]
Event: 9.932 Thread 0x0000000019502000 4654       3       org.codehaus.plexus.util.Java7Detector::isJava7 (4 bytes)
Event: 9.932 Thread 0x0000000019502000 nmethod 4654 0x0000000003fa8f50 code [0x0000000003fa90a0, 0x0000000003fa91d0]
Event: 9.932 Thread 0x0000000019502000 4655       3       org.codehaus.plexus.util.NioFiles::isSymbolicLink (8 bytes)
Event: 9.933 Thread 0x0000000019502000 nmethod 4655 0x000000000446c590 code [0x000000000446c760, 0x000000000446cf38]
Event: 9.934 Thread 0x0000000019502000 4656       3       org.codehaus.plexus.util.AbstractScanner::isIncluded (14 bytes)
Event: 9.934 Thread 0x0000000019502000 nmethod 4656 0x0000000004020c50 code [0x0000000004020dc0, 0x0000000004020f68]
Event: 9.934 Thread 0x0000000019502000 4657       3       org.codehaus.plexus.util.AbstractScanner::isExcluded (14 bytes)
Event: 9.935 Thread 0x0000000019502000 nmethod 4657 0x00000000038390d0 code [0x0000000003839240, 0x00000000038393e8]

GC Heap History (10 events):
Event: 4.723 GC heap before
{Heap before GC invocations=5 (full 0):
 PSYoungGen      total 70656K, used 70624K [0x00000000d6100000, 0x00000000dab00000, 0x0000000100000000)
  eden space 65536K, 100% used [0x00000000d6100000,0x00000000da100000,0x00000000da100000)
  from space 5120K, 99% used [0x00000000da600000,0x00000000daaf8020,0x00000000dab00000)
  to   space 5120K, 0% used [0x00000000da100000,0x00000000da100000,0x00000000da600000)
 ParOldGen       total 86016K, used 10203K [0x0000000082200000, 0x0000000087600000, 0x00000000d6100000)
  object space 86016K, 11% used [0x0000000082200000,0x0000000082bf6d78,0x0000000087600000)
 Metaspace       used 17276K, capacity 17680K, committed 18048K, reserved 1064960K
  class space    used 2000K, capacity 2117K, committed 2176K, reserved 1048576K
Event: 4.742 GC heap after
Heap after GC invocations=5 (full 0):
 PSYoungGen      total 70656K, used 5104K [0x00000000d6100000, 0x00000000dfd00000, 0x0000000100000000)
  eden space 65536K, 0% used [0x00000000d6100000,0x00000000d6100000,0x00000000da100000)
  from space 5120K, 99% used [0x00000000da100000,0x00000000da5fc010,0x00000000da600000)
  to   space 14336K, 0% used [0x00000000def00000,0x00000000def00000,0x00000000dfd00000)
 ParOldGen       total 86016K, used 19272K [0x0000000082200000, 0x0000000087600000, 0x00000000d6100000)
  object space 86016K, 22% used [0x0000000082200000,0x00000000834d23d0,0x0000000087600000)
 Metaspace       used 17276K, capacity 17680K, committed 18048K, reserved 1064960K
  class space    used 2000K, capacity 2117K, committed 2176K, reserved 1048576K
}
Event: 5.863 GC heap before
{Heap before GC invocations=6 (full 0):
 PSYoungGen      total 70656K, used 70640K [0x00000000d6100000, 0x00000000dfd00000, 0x0000000100000000)
  eden space 65536K, 100% used [0x00000000d6100000,0x00000000da100000,0x00000000da100000)
  from space 5120K, 99% used [0x00000000da100000,0x00000000da5fc010,0x00000000da600000)
  to   space 14336K, 0% used [0x00000000def00000,0x00000000def00000,0x00000000dfd00000)
 ParOldGen       total 86016K, used 19272K [0x0000000082200000, 0x0000000087600000, 0x00000000d6100000)
  object space 86016K, 22% used [0x0000000082200000,0x00000000834d23d0,0x0000000087600000)
 Metaspace       used 17885K, capacity 18380K, committed 18688K, reserved 1064960K
  class space    used 2036K, capacity 2195K, committed 2304K, reserved 1048576K
Event: 5.879 GC heap after
Heap after GC invocations=6 (full 0):
 PSYoungGen      total 144384K, used 11715K [0x00000000d6100000, 0x00000000dff00000, 0x0000000100000000)
  eden space 130048K, 0% used [0x00000000d6100000,0x00000000d6100000,0x00000000de000000)
  from space 14336K, 81% used [0x00000000def00000,0x00000000dfa70ff0,0x00000000dfd00000)
  to   space 15360K, 0% used [0x00000000de000000,0x00000000de000000,0x00000000def00000)
 ParOldGen       total 86016K, used 19280K [0x0000000082200000, 0x0000000087600000, 0x00000000d6100000)
  object space 86016K, 22% used [0x0000000082200000,0x00000000834d43d0,0x0000000087600000)
 Metaspace       used 17885K, capacity 18380K, committed 18688K, reserved 1064960K
  class space    used 2036K, capacity 2195K, committed 2304K, reserved 1048576K
}
Event: 7.745 GC heap before
{Heap before GC invocations=7 (full 0):
 PSYoungGen      total 144384K, used 141763K [0x00000000d6100000, 0x00000000dff00000, 0x0000000100000000)
  eden space 130048K, 100% used [0x00000000d6100000,0x00000000de000000,0x00000000de000000)
  from space 14336K, 81% used [0x00000000def00000,0x00000000dfa70ff0,0x00000000dfd00000)
  to   space 15360K, 0% used [0x00000000de000000,0x00000000de000000,0x00000000def00000)
 ParOldGen       total 86016K, used 19280K [0x0000000082200000, 0x0000000087600000, 0x00000000d6100000)
  object space 86016K, 22% used [0x0000000082200000,0x00000000834d43d0,0x0000000087600000)
 Metaspace       used 19437K, capacity 20196K, committed 20352K, reserved 1067008K
  class space    used 2215K, capacity 2414K, committed 2432K, reserved 1048576K
Event: 7.779 GC heap after
Heap after GC invocations=7 (full 0):
 PSYoungGen      total 145408K, used 15360K [0x00000000d6100000, 0x00000000e8b00000, 0x0000000100000000)
  eden space 130048K, 0% used [0x00000000d6100000,0x00000000d6100000,0x00000000de000000)
  from space 15360K, 100% used [0x00000000de000000,0x00000000def00000,0x00000000def00000)
  to   space 22528K, 0% used [0x00000000e7500000,0x00000000e7500000,0x00000000e8b00000)
 ParOldGen       total 86016K, used 29536K [0x0000000082200000, 0x0000000087600000, 0x00000000d6100000)
  object space 86016K, 34% used [0x0000000082200000,0x0000000083ed8390,0x0000000087600000)
 Metaspace       used 19437K, capacity 20196K, committed 20352K, reserved 1067008K
  class space    used 2215K, capacity 2414K, committed 2432K, reserved 1048576K
}
Event: 8.719 GC heap before
{Heap before GC invocations=8 (full 0):
 PSYoungGen      total 145408K, used 62203K [0x00000000d6100000, 0x00000000e8b00000, 0x0000000100000000)
  eden space 130048K, 36% used [0x00000000d6100000,0x00000000d8ebecb0,0x00000000de000000)
  from space 15360K, 100% used [0x00000000de000000,0x00000000def00000,0x00000000def00000)
  to   space 22528K, 0% used [0x00000000e7500000,0x00000000e7500000,0x00000000e8b00000)
 ParOldGen       total 86016K, used 29536K [0x0000000082200000, 0x0000000087600000, 0x00000000d6100000)
  object space 86016K, 34% used [0x0000000082200000,0x0000000083ed8390,0x0000000087600000)
 Metaspace       used 20385K, capacity 21198K, committed 21248K, reserved 1069056K
  class space    used 2308K, capacity 2559K, committed 2560K, reserved 1048576K
Event: 8.736 GC heap after
Heap after GC invocations=8 (full 0):
 PSYoungGen      total 282624K, used 14113K [0x00000000d6100000, 0x00000000e8b00000, 0x0000000100000000)
  eden space 260096K, 0% used [0x00000000d6100000,0x00000000d6100000,0x00000000e5f00000)
  from space 22528K, 62% used [0x00000000e7500000,0x00000000e82c8578,0x00000000e8b00000)
  to   space 22528K, 0% used [0x00000000e5f00000,0x00000000e5f00000,0x00000000e7500000)
 ParOldGen       total 86016K, used 32736K [0x0000000082200000, 0x0000000087600000, 0x00000000d6100000)
  object space 86016K, 38% used [0x0000000082200000,0x00000000841f83a0,0x0000000087600000)
 Metaspace       used 20385K, capacity 21198K, committed 21248K, reserved 1069056K
  class space    used 2308K, capacity 2559K, committed 2560K, reserved 1048576K
}
Event: 8.736 GC heap before
{Heap before GC invocations=9 (full 1):
 PSYoungGen      total 282624K, used 14113K [0x00000000d6100000, 0x00000000e8b00000, 0x0000000100000000)
  eden space 260096K, 0% used [0x00000000d6100000,0x00000000d6100000,0x00000000e5f00000)
  from space 22528K, 62% used [0x00000000e7500000,0x00000000e82c8578,0x00000000e8b00000)
  to   space 22528K, 0% used [0x00000000e5f00000,0x00000000e5f00000,0x00000000e7500000)
 ParOldGen       total 86016K, used 32736K [0x0000000082200000, 0x0000000087600000, 0x00000000d6100000)
  object space 86016K, 38% used [0x0000000082200000,0x00000000841f83a0,0x0000000087600000)
 Metaspace       used 20385K, capacity 21198K, committed 21248K, reserved 1069056K
  class space    used 2308K, capacity 2559K, committed 2560K, reserved 1048576K
Event: 8.925 GC heap after
Heap after GC invocations=9 (full 1):
 PSYoungGen      total 282624K, used 0K [0x00000000d6100000, 0x00000000e8b00000, 0x0000000100000000)
  eden space 260096K, 0% used [0x00000000d6100000,0x00000000d6100000,0x00000000e5f00000)
  from space 22528K, 0% used [0x00000000e7500000,0x00000000e7500000,0x00000000e8b00000)
  to   space 22528K, 0% used [0x00000000e5f00000,0x00000000e5f00000,0x00000000e7500000)
 ParOldGen       total 101376K, used 37567K [0x0000000082200000, 0x0000000088500000, 0x00000000d6100000)
  object space 101376K, 37% used [0x0000000082200000,0x00000000846afd50,0x0000000088500000)
 Metaspace       used 20385K, capacity 21198K, committed 21248K, reserved 1069056K
  class space    used 2308K, capacity 2559K, committed 2560K, reserved 1048576K
}

Deoptimization events (10 events):
Event: 8.142 Thread 0x000000000317e000 Uncommon trap: reason=bimorphic action=maybe_recompile pc=0x00000000042ef344 method=java.util.Formatter$FormatSpecifier.printString(Ljava/lang/Object;Ljava/util/Locale;)V @ 98
Event: 8.411 Thread 0x000000000317e000 Uncommon trap: reason=predicate action=maybe_recompile pc=0x0000000003934cf0 method=sun.net.www.ParseUtil.encodePath(Ljava/lang/String;Z)Ljava/lang/String; @ 36
Event: 8.412 Thread 0x000000000317e000 Uncommon trap: reason=unstable_if action=reinterpret pc=0x00000000044bc0f8 method=java.lang.ClassLoader.getPackage(Ljava/lang/String;)Ljava/lang/Package; @ 60
Event: 9.268 Thread 0x000000000317e000 Uncommon trap: reason=unstable_if action=reinterpret pc=0x0000000003c073b0 method=com.google.inject.internal.MoreTypes.canonicalize(Ljava/lang/reflect/Type;)Ljava/lang/reflect/Type; @ 16
Event: 9.268 Thread 0x000000000317e000 Uncommon trap: reason=class_check action=maybe_recompile pc=0x0000000003bdce6c method=com.google.inject.internal.MoreTypes.getRawType(Ljava/lang/reflect/Type;)Ljava/lang/Class; @ 13
Event: 9.269 Thread 0x000000000317e000 Uncommon trap: reason=unstable_if action=reinterpret pc=0x0000000003be0e5c method=com.google.inject.internal.MoreTypes.canonicalize(Ljava/lang/reflect/Type;)Ljava/lang/reflect/Type; @ 16
Event: 9.269 Thread 0x000000000317e000 Uncommon trap: reason=class_check action=maybe_recompile pc=0x0000000003bdce6c method=com.google.inject.internal.MoreTypes.getRawType(Ljava/lang/reflect/Type;)Ljava/lang/Class; @ 13
Event: 9.269 Thread 0x000000000317e000 Uncommon trap: reason=class_check action=maybe_recompile pc=0x0000000003bdce6c method=com.google.inject.internal.MoreTypes.getRawType(Ljava/lang/reflect/Type;)Ljava/lang/Class; @ 13
Event: 9.272 Thread 0x000000000317e000 Uncommon trap: reason=class_check action=maybe_recompile pc=0x0000000003bdce6c method=com.google.inject.internal.MoreTypes.getRawType(Ljava/lang/reflect/Type;)Ljava/lang/Class; @ 13
Event: 9.840 Thread 0x000000000317e000 Uncommon trap: reason=class_check action=maybe_recompile pc=0x00000000041fcbf0 method=org.apache.maven.model.Plugin.clone()Lorg/apache/maven/model/Plugin; @ 94

Internal exceptions (10 events):
Event: 3.142 Thread 0x000000000317e000 Exception <a 'java/lang/NullPointerException'> (0x00000000d7ceacd0) thrown at [C:\re\workspace\8-2-build-windows-amd64-cygwin\jdk8u144\9417\hotspot\src\share\vm\interpreter\linkResolver.cpp, line 1197]
Event: 5.334 Thread 0x000000000317e000 Implicit null exception at 0x0000000003a7c755 to 0x0000000003a7c92d
Event: 5.334 Thread 0x000000000317e000 Implicit null exception at 0x0000000003b8776f to 0x0000000003b877d9
Event: 6.692 Thread 0x000000000317e000 Exception <a 'java/lang/NullPointerException'> (0x00000000d9179430) thrown at [C:\re\workspace\8-2-build-windows-amd64-cygwin\jdk8u144\9417\hotspot\src\share\vm\interpreter\linkResolver.cpp, line 1197]
Event: 6.692 Thread 0x000000000317e000 Exception <a 'java/lang/NullPointerException'> (0x00000000d9179830) thrown at [C:\re\workspace\8-2-build-windows-amd64-cygwin\jdk8u144\9417\hotspot\src\share\vm\interpreter\linkResolver.cpp, line 1197]
Event: 6.692 Thread 0x000000000317e000 Exception <a 'java/lang/NullPointerException'> (0x00000000d9179c30) thrown at [C:\re\workspace\8-2-build-windows-amd64-cygwin\jdk8u144\9417\hotspot\src\share\vm\interpreter\linkResolver.cpp, line 1197]
Event: 6.692 Thread 0x000000000317e000 Exception <a 'java/lang/NullPointerException'> (0x00000000d917a7c0) thrown at [C:\re\workspace\8-2-build-windows-amd64-cygwin\jdk8u144\9417\hotspot\src\share\vm\interpreter\linkResolver.cpp, line 1197]
Event: 6.692 Thread 0x000000000317e000 Exception <a 'java/lang/NullPointerException'> (0x00000000d917abc0) thrown at [C:\re\workspace\8-2-build-windows-amd64-cygwin\jdk8u144\9417\hotspot\src\share\vm\interpreter\linkResolver.cpp, line 1197]
Event: 6.692 Thread 0x000000000317e000 Exception <a 'java/lang/NullPointerException'> (0x00000000d917afc0) thrown at [C:\re\workspace\8-2-build-windows-amd64-cygwin\jdk8u144\9417\hotspot\src\share\vm\interpreter\linkResolver.cpp, line 1197]
Event: 9.278 Thread 0x000000000317e000 Exception <a 'java/lang/NoSuchMethodError': org.apache.maven.execution.MavenExecutionRequest.getFailureBehavior()Ljava/lang/String;> (0x00000000d74afeb0) thrown at [C:\re\workspace\8-2-build-windows-amd64-cygwin\jdk8u144\9417\hotspot\src\share\vm\interpre

Events (10 events):
Event: 9.897 Thread 0x0000000019502000 flushing nmethod 0x000000000421f8d0
Event: 9.897 Thread 0x0000000019502000 flushing nmethod 0x0000000004237810
Event: 9.897 Thread 0x0000000019502000 flushing nmethod 0x0000000004246dd0
Event: 9.897 Thread 0x0000000019502000 flushing nmethod 0x000000000427b290
Event: 9.897 Thread 0x0000000019502000 flushing nmethod 0x00000000042e8250
Event: 9.903 Thread 0x0000000019502000 flushing nmethod 0x00000000042f4a90
Event: 9.903 Thread 0x0000000019502000 flushing nmethod 0x0000000004336c90
Event: 9.903 Thread 0x0000000019502000 flushing nmethod 0x0000000004388d50
Event: 9.903 Thread 0x0000000019502000 flushing nmethod 0x00000000043e4d90
Event: 9.932 Thread 0x0000000019502000 flushing nmethod 0x000000000446c410


Dynamic libraries:
0x00007ff695490000 - 0x00007ff6954c7000 	C:\Program Files\Java\jdk1.8.0_144\bin\java.exe
0x00007ff9c7420000 - 0x00007ff9c7610000 	C:\WINDOWS\SYSTEM32\ntdll.dll
0x00007ff9c65f0000 - 0x00007ff9c66a2000 	C:\WINDOWS\System32\KERNEL32.DLL
0x00007ff9c4850000 - 0x00007ff9c4af4000 	C:\WINDOWS\System32\KERNELBASE.dll
0x00007ff9c7330000 - 0x00007ff9c73d3000 	C:\WINDOWS\System32\ADVAPI32.dll
0x00007ff9c6050000 - 0x00007ff9c60ee000 	C:\WINDOWS\System32\msvcrt.dll
0x00007ff9c67f0000 - 0x00007ff9c6887000 	C:\WINDOWS\System32\sechost.dll
0x00007ff9c66b0000 - 0x00007ff9c67d0000 	C:\WINDOWS\System32\RPCRT4.dll
0x00007ff9c5c80000 - 0x00007ff9c5e14000 	C:\WINDOWS\System32\USER32.dll
0x00007ff9c54a0000 - 0x00007ff9c54c1000 	C:\WINDOWS\System32\win32u.dll
0x00007ff9c70d0000 - 0x00007ff9c70f6000 	C:\WINDOWS\System32\GDI32.dll
0x00007ff9c4410000 - 0x00007ff9c45a4000 	C:\WINDOWS\System32\gdi32full.dll
0x00007ff9c5320000 - 0x00007ff9c53be000 	C:\WINDOWS\System32\msvcp_win.dll
0x00007ff9c4750000 - 0x00007ff9c484a000 	C:\WINDOWS\System32\ucrtbase.dll
0x00007ff9b5570000 - 0x00007ff9b57f4000 	C:\WINDOWS\WinSxS\amd64_microsoft.windows.common-controls_6595b64144ccf1df_6.0.18362.836_none_e6c4b943130f18ed\COMCTL32.dll
0x00007ff9c54d0000 - 0x00007ff9c5806000 	C:\WINDOWS\System32\combase.dll
0x00007ff9c4b20000 - 0x00007ff9c4ba0000 	C:\WINDOWS\System32\bcryptPrimitives.dll
0x00007ff9c61e0000 - 0x00007ff9c620e000 	C:\WINDOWS\System32\IMM32.DLL
0x000000006f630000 - 0x000000006f702000 	C:\Program Files\Java\jdk1.8.0_144\jre\bin\msvcr100.dll
0x000000006ed90000 - 0x000000006f62d000 	C:\Program Files\Java\jdk1.8.0_144\jre\bin\server\jvm.dll
0x00007ff9c70c0000 - 0x00007ff9c70c8000 	C:\WINDOWS\System32\PSAPI.DLL
0x00007ff9c2e00000 - 0x00007ff9c2e0a000 	C:\WINDOWS\SYSTEM32\VERSION.dll
0x00007ff9c0990000 - 0x00007ff9c09b4000 	C:\WINDOWS\SYSTEM32\WINMM.dll
0x00007ff9bf400000 - 0x00007ff9bf409000 	C:\WINDOWS\SYSTEM32\WSOCK32.dll
0x00007ff9c6170000 - 0x00007ff9c61df000 	C:\WINDOWS\System32\WS2_32.dll
0x00007ff9c0960000 - 0x00007ff9c098d000 	C:\WINDOWS\SYSTEM32\WINMMBASE.dll
0x00007ff9c45b0000 - 0x00007ff9c45fa000 	C:\WINDOWS\System32\cfgmgr32.dll
0x000000006ed80000 - 0x000000006ed8f000 	C:\Program Files\Java\jdk1.8.0_144\jre\bin\verify.dll
0x000000006ed50000 - 0x000000006ed79000 	C:\Program Files\Java\jdk1.8.0_144\jre\bin\java.dll
0x000000006ed00000 - 0x000000006ed16000 	C:\Program Files\Java\jdk1.8.0_144\jre\bin\zip.dll
0x00007ff9c6890000 - 0x00007ff9c6f74000 	C:\WINDOWS\System32\SHELL32.dll
0x00007ff9c6540000 - 0x00007ff9c65e9000 	C:\WINDOWS\System32\shcore.dll
0x00007ff9c4ba0000 - 0x00007ff9c531e000 	C:\WINDOWS\System32\windows.storage.dll
0x00007ff9c4360000 - 0x00007ff9c4383000 	C:\WINDOWS\System32\profapi.dll
0x00007ff9c4310000 - 0x00007ff9c435a000 	C:\WINDOWS\System32\powrprof.dll
0x00007ff9c42e0000 - 0x00007ff9c42f0000 	C:\WINDOWS\System32\UMPDC.dll
0x00007ff9c7260000 - 0x00007ff9c72b2000 	C:\WINDOWS\System32\shlwapi.dll
0x00007ff9c4390000 - 0x00007ff9c43a1000 	C:\WINDOWS\System32\kernel.appcore.dll
0x00007ff9c4b00000 - 0x00007ff9c4b17000 	C:\WINDOWS\System32\cryptsp.dll
0x00007ff9c36c0000 - 0x00007ff9c36f3000 	C:\WINDOWS\system32\rsaenh.dll
0x00007ff9c5470000 - 0x00007ff9c5496000 	C:\WINDOWS\System32\bcrypt.dll
0x00007ff9c4200000 - 0x00007ff9c4225000 	C:\WINDOWS\SYSTEM32\USERENV.dll
0x00007ff9c3d20000 - 0x00007ff9c3d2c000 	C:\WINDOWS\SYSTEM32\CRYPTBASE.dll
0x000000006ecc0000 - 0x000000006ecda000 	C:\Program Files\Java\jdk1.8.0_144\jre\bin\net.dll
0x00007ff9c3b50000 - 0x00007ff9c3bb7000 	C:\WINDOWS\system32\mswsock.dll
0x00007ff9c3860000 - 0x00007ff9c389a000 	C:\WINDOWS\SYSTEM32\IPHLPAPI.DLL
0x00007ff9c6150000 - 0x00007ff9c6158000 	C:\WINDOWS\System32\NSI.dll
0x00007ff9b6c40000 - 0x00007ff9b6c56000 	C:\WINDOWS\SYSTEM32\dhcpcsvc6.DLL
0x00007ff9b6fd0000 - 0x00007ff9b6fec000 	C:\WINDOWS\SYSTEM32\dhcpcsvc.DLL
0x00007ff9c38b0000 - 0x00007ff9c397b000 	C:\WINDOWS\SYSTEM32\DNSAPI.dll
0x000000006eca0000 - 0x000000006ecb1000 	C:\Program Files\Java\jdk1.8.0_144\jre\bin\nio.dll
0x00007ff9c2290000 - 0x00007ff9c229a000 	C:\TMP\jansi-1.17.1-4912981179593277525.dll
0x00007ff9be700000 - 0x00007ff9be70a000 	C:\TMP\jansi-1.17.1-1777864707914608807.dll
0x000000006ecf0000 - 0x000000006ecfd000 	C:\Program Files\Java\jdk1.8.0_144\jre\bin\management.dll
0x00007ff9bdc60000 - 0x00007ff9bdc76000 	C:\WINDOWS\system32\napinsp.dll
0x00007ff9bdc40000 - 0x00007ff9bdc5a000 	C:\WINDOWS\system32\pnrpnsp.dll
0x00007ff9c03f0000 - 0x00007ff9c03fe000 	C:\WINDOWS\System32\winrnr.dll
0x00007ff9c2040000 - 0x00007ff9c205c000 	C:\WINDOWS\system32\NLAapi.dll
0x00007ff9a4ff0000 - 0x00007ff9a5005000 	C:\WINDOWS\system32\wshbth.dll
0x00007ff9b4d00000 - 0x00007ff9b4d0a000 	C:\Windows\System32\rasadhlp.dll
0x00007ff9b6b50000 - 0x00007ff9b6bc7000 	C:\WINDOWS\System32\fwpuclnt.dll

VM Arguments:
jvm_args: -Dmaven.multiModuleProjectDirectory=E:\实习工作\spring boot\谷粒商城\1-分布式基础_全栈开发篇\代码\boot-system -Dmaven.home=D:\DevInstall\apache-maven-3.6.3 -Dclassworlds.conf=D:\DevInstall\apache-maven-3.6.3\bin\m2.conf -Dmaven.ext.class.path=E:\JavaWeb\idea\IntelliJ IDEA 2020.1\plugins\maven\lib\maven-event-listener.jar -Dfile.encoding=UTF-8 
java_command: org.codehaus.classworlds.Launcher -Didea.version2020.1 -s D:\DevInstall\apache-maven-3.6.3\conf\settings.xml install --projects com.nsu.bootsystem:bootsystem,com.nsu.bootsystem:bootsystem-gateway,com.nsu.bootsystem:bootsystem-common,com.nsu.bootsystem:bootsystem-admin -P jdk-1.8
java_class_path (initial): D:\DevInstall\apache-maven-3.6.3\boot\plexus-classworlds-2.6.0.jar;D:\DevInstall\apache-maven-3.6.3\boot\plexus-classworlds.license
Launcher Type: SUN_STANDARD

Environment Variables:
JAVA_HOME=C:\Program Files\Java\jre1.8.0_181
PATH=D:\Xftp6\;C:\Program Files (x86)\Common Files\Oracle\Java\javapath;C:\WINDOWS\system32;C:\WINDOWS;C:\WINDOWS\System32\Wbem;C:\WINDOWS\System32\WindowsPowerShell\v1.0\;C:\WINDOWS\System32\OpenSSH\;"C:\Windows\System32;";D:\Git\Git\cmd;D:\putty\;C:\Program Files\Java\jre1.8.0_181\bin;E:\Android\TeachingResource\apache-tomcat-8.5.42\bin;D:\nodejs\nodejs\;C:\Program Files\Microsoft VS Code\bin;E:\aSoftTest\Maven\apache-maven-3.6.2\bin;C:\Program Files\Java\jdk1.8.0_144\bin;C:\Program Files (x86)\Google\Chrome\Application;D:\PHPWAMP_IN3_1\phpwamp\server\PHP-5.6.14;D:\DevInstall\apache-maven-3.6.3\bin;D:\python\Graphviz\bin;D:\python\Anaconda3;D:\python\Anaconda3\Library\mingw-w64\bin;D:\python\Anaconda3\Library\usr\bin;D:\python\Anaconda3\Library\bin;D:\python\Anaconda3\Scripts;C:\Users\罗东\AppData\Local\Microsoft\WindowsApps;D:\zip\;D:\Fiddler;D:\PhpStorm\PhpStorm 2019\bin;C:\Users\罗东\AppData\Roaming\npm;C:\Users\罗东\AppData\Local\GitHubDesktop\bin;C:\Users\罗东\AppData\Local\Microsoft\WindowsApps;D:\devsoft\Microsoft VS Code\bin
USERNAME=罗东
OS=Windows_NT
PROCESSOR_IDENTIFIER=Intel64 Family 6 Model 142 Stepping 9, GenuineIntel



---------------  S Y S T E M  ---------------

OS: Windows 10.0 , 64 bit Build 18362 (10.0.18362.778)

CPU:total 4 (initial active 4) (2 cores per cpu, 2 threads per core) family 6 model 142 stepping 9, cmov, cx8, fxsr, mmx, sse, sse2, sse3, ssse3, sse4.1, sse4.2, popcnt, avx, avx2, aes, clmul, erms, 3dnowpref, lzcnt, ht, tsc, tscinvbit, bmi1, bmi2, adx

Memory: 4k page, physical 8243596k(326976k free), swap 16006340k(4708k free)

vm_info: Java HotSpot(TM) 64-Bit Server VM (25.144-b01) for windows-amd64 JRE (1.8.0_144-b01), built on Jul 21 2017 21:57:33 by "java_re" with MS VC++ 10.0 (VS2010)

time: Mon Jun 08 15:08:35 2020
elapsed time: 10 seconds (0d 0h 0m 10s)

