JvmtiExport can_access_local_variables 0
JvmtiExport can_hotswap_or_post_breakpoint 0
JvmtiExport can_post_on_exceptions 0
# 257 ciObject found
ciMethod java/lang/Object <init> ()V 4097 1 991350 0 0
ciMethod java/lang/Object getClass ()Ljava/lang/Class; 2049 1 256 0 -1
ciMethod java/lang/Object equals (Ljava/lang/Object;)Z 2329 1 14831 0 -1
ciMethod java/lang/Object clone ()Ljava/lang/Object; 4097 1 512 0 -1
ciMethod java/lang/Class isArray ()Z 2049 1 256 0 -1
ciMethod java/lang/Class getModifiers ()I 2049 1 256 0 -1
ciMethod java/lang/Class isMemberClass ()Z 0 0 77 0 -1
ciMethod java/lang/reflect/Field getGenericType ()Ljava/lang/reflect/Type; 433 1 287 0 -1
ciMethod java/lang/reflect/Method getGenericSignature ()Ljava/lang/String; 1545 1 193 0 0
ciMethod java/lang/reflect/Method getFactory ()Lsun/reflect/generics/factory/GenericsFactory; 169 1 469 0 0
ciMethod java/lang/reflect/Method getGenericInfo ()Lsun/reflect/generics/repository/MethodRepository; 641 1 2630 0 0
ciMethod java/lang/reflect/Method hasGenericInformation ()Z 2225 1 4784 0 0
ciMethod java/lang/reflect/Method getReturnType ()Ljava/lang/Class; 1097 1 137 0 0
ciMethod java/lang/reflect/Method getGenericReturnType ()Ljava/lang/reflect/Type; 2049 1 3515 0 0
ciMethod java/lang/reflect/Method getParameterTypes ()[Ljava/lang/Class; 2065 1 23760 0 256
ciMethod java/lang/reflect/Method getGenericParameterTypes ()[Ljava/lang/reflect/Type; 2049 1 3928 0 0
ciMethod java/lang/reflect/Method getGenericInfo ()Lsun/reflect/generics/repository/ConstructorRepository; 249 1 1408 0 0
ciMethod java/lang/reflect/Executable hasGenericInformation ()Z 0 0 1 0 -1
ciMethod java/lang/reflect/Executable getGenericInfo ()Lsun/reflect/generics/repository/ConstructorRepository; 0 0 1 0 -1
ciMethod java/lang/reflect/Executable getDeclaringClass ()Ljava/lang/Class; 0 0 1 0 -1
ciMethod java/lang/reflect/Executable getParameterTypes ()[Ljava/lang/Class; 0 0 1 0 -1
ciMethod java/lang/reflect/Executable getParameterCount ()I 0 0 1 0 -1
ciMethod java/lang/reflect/Executable getGenericParameterTypes ()[Ljava/lang/reflect/Type; 2049 1 4125 0 0
ciMethod java/lang/reflect/Constructor getFactory ()Lsun/reflect/generics/factory/GenericsFactory; 81 1 10 0 -1
ciMethod java/lang/reflect/Constructor getGenericInfo ()Lsun/reflect/generics/repository/ConstructorRepository; 217 1 27 0 0
ciMethod java/lang/reflect/Constructor hasGenericInformation ()Z 2049 1 263 0 0
ciMethod java/lang/reflect/Constructor getDeclaringClass ()Ljava/lang/Class; 1057 1 132 0 0
ciMethod java/lang/reflect/Constructor getParameterTypes ()[Ljava/lang/Class; 1545 1 5706 0 0
ciMethod java/lang/reflect/Constructor getGenericParameterTypes ()[Ljava/lang/reflect/Type; 1633 1 204 0 0
ciMethod java/lang/reflect/Constructor getSignature ()Ljava/lang/String; 1145 1 143 0 0
ciMethod sun/reflect/generics/repository/GenericDeclRepository <init> (Ljava/lang/String;Lsun/reflect/generics/factory/GenericsFactory;)V 729 1 845 0 0
ciMethod sun/reflect/generics/repository/AbstractRepository getFactory ()Lsun/reflect/generics/factory/GenericsFactory; 1033 1 129 0 0
ciMethod sun/reflect/generics/repository/AbstractRepository getTree ()Lsun/reflect/generics/tree/Tree; 1025 1 128 0 0
ciMethod sun/reflect/generics/repository/AbstractRepository getReifier ()Lsun/reflect/generics/visitor/Reifier; 1753 1 1599 0 0
ciMethod sun/reflect/generics/repository/AbstractRepository <init> (Ljava/lang/String;Lsun/reflect/generics/factory/GenericsFactory;)V 737 1 869 0 0
ciMethod sun/reflect/generics/repository/AbstractRepository parse (Ljava/lang/String;)Lsun/reflect/generics/tree/Tree; 0 0 1 0 -1
ciMethod java/lang/reflect/Modifier isStatic (I)Z 4097 1 26116 0 -1
ciMethod java/util/Arrays equals ([J[J)Z 0 0 1 0 -1
ciMethod java/util/Arrays equals ([I[I)Z 0 0 1 0 -1
ciMethod java/util/Arrays equals ([S[S)Z 0 0 1 0 -1
ciMethod java/util/Arrays equals ([C[C)Z 0 0 1 0 -1
ciMethod java/util/Arrays equals ([B[B)Z 1145 649 1942 0 -1
ciMethod java/util/Arrays equals ([Z[Z)Z 0 0 1 0 -1
ciMethod java/util/Arrays equals ([D[D)Z 0 0 1 0 -1
ciMethod java/util/Arrays equals ([F[F)Z 0 0 1 0 -1
ciMethod java/util/Arrays equals ([Ljava/lang/Object;[Ljava/lang/Object;)Z 3105 10345 7212 0 -1
ciMethodData java/lang/Object <init> ()V 2 991351 orig 264 88 66 98 111 0 0 0 0 128 4 115 23 0 0 0 0 32 1 0 0 0 0 0 0 0 0 0 0 0 0 0 0 0 0 0 0 0 0 0 0 0 0 0 0 0 0 0 0 0 0 0 0 0 0 0 0 0 0 0 0 0 0 0 0 0 0 0 0 0 0 0 0 0 0 0 0 0 0 0 0 77 68 79 32 101 120 116 114 97 32 100 97 116 97 32 108 111 99 107 0 0 0 0 0 0 0 0 0 0 0 0 0 0 0 0 0 0 0 0 0 0 0 0 0 0 0 0 0 0 0 0 0 0 0 0 0 0 0 0 0 0 0 0 0 0 0 0 0 0 0 0 0 0 0 0 0 0 0 0 0 0 0 0 0 0 0 0 0 0 0 0 0 0 0 0 0 0 0 0 0 0 0 0 0 1 0 0 0 0 0 0 0 1 0 0 0 0 0 0 0 1 0 0 0 0 0 0 0 0 0 0 0 0 0 0 0 0 2 0 0 185 243 120 0 1 0 0 0 0 0 0 0 0 0 0 0 2 0 0 0 0 0 3 0 1 0 0 0 0 0 0 0 255 255 255 255 0 0 0 0 0 0 0 0 data 0 oops 0
ciMethod org/springframework/util/ClassUtils isInnerClass (Ljava/lang/Class;)Z 0 0 56 0 0
ciMethod org/springframework/util/ObjectUtils nullSafeEquals (Ljava/lang/Object;Ljava/lang/Object;)Z 2049 1 5485 0 224
ciMethod org/springframework/util/ObjectUtils arrayEquals (Ljava/lang/Object;Ljava/lang/Object;)Z 1 1 1562 0 0
ciMethod sun/reflect/generics/parser/SignatureParser make ()Lsun/reflect/generics/parser/SignatureParser; 929 1 3753 0 -1
ciMethod sun/reflect/generics/parser/SignatureParser parseMethodSig (Ljava/lang/String;)Lsun/reflect/generics/tree/MethodTypeSignature; 2049 1 479 0 -1
ciMethod sun/reflect/generics/tree/TypeTree accept (Lsun/reflect/generics/visitor/TypeTreeVisitor;)V 0 0 1 0 -1
ciMethod sun/reflect/generics/scope/AbstractScope <init> (Ljava/lang/reflect/GenericDeclaration;)V 921 1 3976 0 0
ciMethod sun/reflect/generics/factory/CoreReflectionFactory <init> (Ljava/lang/reflect/GenericDeclaration;Lsun/reflect/generics/scope/Scope;)V 913 1 3750 0 0
ciMethod sun/reflect/generics/factory/CoreReflectionFactory make (Ljava/lang/reflect/GenericDeclaration;Lsun/reflect/generics/scope/Scope;)Lsun/reflect/generics/factory/CoreReflectionFactory; 921 1 3751 0 0
ciMethod sun/reflect/generics/visitor/Reifier <init> (Lsun/reflect/generics/factory/GenericsFactory;)V 2049 1 4567 0 0
ciMethod sun/reflect/generics/visitor/Reifier make (Lsun/reflect/generics/factory/GenericsFactory;)Lsun/reflect/generics/visitor/Reifier; 2065 1 4569 0 0
ciMethod sun/reflect/generics/visitor/Reifier getResult ()Ljava/lang/reflect/Type; 2049 1 4568 0 0
ciMethod org/springframework/core/ResolvableType equals (Ljava/lang/Object;)Z 2081 1 5382 0 0
ciMethod org/springframework/core/SerializableTypeWrapper$TypeProvider getType ()Ljava/lang/reflect/Type; 0 0 1 0 -1
ciMethod org/springframework/core/ResolvableType$VariableResolver getSource ()Ljava/lang/Object; 0 0 1 0 -1
ciMethod org/springframework/core/ResolvableType$TypeVariablesVariableResolver getSource ()Ljava/lang/Object; 1105 1 138 0 0
ciMethod org/springframework/core/ResolvableType$DefaultVariableResolver getSource ()Ljava/lang/Object; 1025 1 128 0 0
ciMethodData org/springframework/util/ObjectUtils nullSafeEquals (Ljava/lang/Object;Ljava/lang/Object;)Z 2 5485 orig 264 88 66 98 111 0 0 0 0 216 250 204 23 0 0 0 0 16 3 0 0 144 0 0 0 0 0 0 0 0 0 0 0 0 0 0 0 0 0 0 0 0 0 0 0 0 0 0 0 0 0 0 0 0 0 0 0 0 0 0 0 0 0 0 0 0 0 0 0 0 0 0 0 0 0 0 0 0 0 0 0 77 68 79 32 101 120 116 114 97 32 100 97 116 97 32 108 111 99 107 0 0 0 0 0 0 0 0 0 0 0 0 0 0 0 0 0 0 0 0 0 0 0 0 0 0 0 0 0 0 0 0 0 0 0 0 0 0 0 0 0 0 0 0 0 0 0 0 0 0 0 0 0 0 0 0 0 0 0 0 0 0 0 0 0 0 0 0 0 0 0 0 0 0 0 0 0 0 0 0 0 0 0 0 0 17 0 0 0 0 0 0 0 0 0 0 0 0 0 0 0 0 0 0 0 0 0 0 0 0 0 0 0 0 0 0 0 0 1 0 0 105 163 0 0 1 0 0 0 0 0 0 0 0 0 0 0 2 0 0 0 0 0 17 0 2 0 0 0 192 1 0 0 255 255 255 255 7 0 2 0 0 0 0 0 data 56 0x20007 0x7ec 0x20 0xc81 0x80007 0x0 0x40 0x7ec 0xc0007 0x7ec 0x20 0x0 0x130005 0x73a 0x1daf00b0 0xa6 0x1d0fff80 0xc 0x160007 0x395 0x20 0x457 0x1c0005 0x12 0x35df490 0x326 0x1d100030 0x5d 0x1f0005 0x0 0x35df520 0x395 0x0 0x0 0x220007 0x389 0xb0 0xc 0x260005 0x0 0x1d1000e0 0xc 0x0 0x0 0x290005 0x0 0x35df520 0xc 0x0 0x0 0x2c0007 0x0 0x30 0xc 0x310002 0xc oops 7 14 org/springframework/core/ResolvableType 16 sun/reflect/generics/reflectiveObjects/ParameterizedTypeImpl 24 java/lang/String 26 org/springframework/boot/context/properties/source/ConfigurationPropertyName 30 java/lang/Class 40 [Ljava/lang/String; 46 java/lang/Class
ciMethodData sun/reflect/generics/scope/AbstractScope <init> (Ljava/lang/reflect/GenericDeclaration;)V 2 3976 orig 264 88 66 98 111 0 0 0 0 32 3 206 23 0 0 0 0 56 1 0 0 0 0 0 0 0 0 0 0 0 0 0 0 0 0 0 0 0 0 0 0 0 0 0 0 0 0 0 0 0 0 0 0 0 0 0 0 0 0 0 0 0 0 0 0 0 0 0 0 0 0 0 0 0 0 0 0 0 0 0 0 77 68 79 32 101 120 116 114 97 32 100 97 116 97 32 108 111 99 107 0 0 0 0 0 0 0 0 0 0 0 0 0 0 0 0 0 0 0 0 0 0 0 0 0 0 0 0 0 0 0 0 0 0 0 0 0 0 0 0 0 0 0 0 0 0 0 0 0 0 0 0 0 0 0 0 0 0 0 0 0 0 0 0 0 0 0 0 0 0 0 0 0 0 0 0 0 0 0 0 0 0 0 0 0 1 0 0 0 0 0 0 0 0 0 0 0 0 0 0 0 1 0 0 0 0 0 0 0 0 0 0 0 0 0 0 0 115 0 0 0 169 120 0 0 1 0 0 0 0 0 0 0 0 0 0 0 2 0 0 0 0 0 3 0 2 0 0 0 16 0 0 0 255 255 255 255 2 0 1 0 0 0 0 0 data 2 0x10002 0xf15 oops 0
ciMethodData sun/reflect/generics/factory/CoreReflectionFactory make (Ljava/lang/reflect/GenericDeclaration;Lsun/reflect/generics/scope/Scope;)Lsun/reflect/generics/factory/CoreReflectionFactory; 2 3751 orig 264 88 66 98 111 0 0 0 0 176 29 206 23 0 0 0 0 56 1 0 0 0 0 0 0 0 0 0 0 0 0 0 0 0 0 0 0 0 0 0 0 0 0 0 0 0 0 0 0 0 0 0 0 0 0 0 0 0 0 0 0 0 0 0 0 0 0 0 0 0 0 0 0 0 0 0 0 0 0 0 0 77 68 79 32 101 120 116 114 97 32 100 97 116 97 32 108 111 99 107 0 0 0 0 0 0 0 0 0 0 0 0 0 0 0 0 0 0 0 0 0 0 0 0 0 0 0 0 0 0 0 0 0 0 0 0 0 0 0 0 0 0 0 0 0 0 0 0 0 0 0 0 0 0 0 0 0 0 0 0 0 0 0 0 0 0 0 0 0 0 0 0 0 0 0 0 0 0 0 0 0 0 0 0 0 0 0 0 0 0 0 0 0 0 0 0 0 0 0 0 0 0 0 0 0 0 0 0 0 0 0 0 0 0 0 0 0 115 0 0 0 161 113 0 0 1 0 0 0 0 0 0 0 0 0 0 0 2 0 0 0 0 0 3 0 2 0 0 0 16 0 0 0 255 255 255 255 2 0 6 0 0 0 0 0 data 2 0x60002 0xe34 oops 0
ciMethodData sun/reflect/generics/factory/CoreReflectionFactory <init> (Ljava/lang/reflect/GenericDeclaration;Lsun/reflect/generics/scope/Scope;)V 2 3750 orig 264 88 66 98 111 0 0 0 0 0 27 206 23 0 0 0 0 64 1 0 0 0 0 0 0 0 0 0 0 0 0 0 0 0 0 0 0 0 0 0 0 0 0 0 0 0 0 0 0 0 0 0 0 0 0 0 0 0 0 0 0 0 0 0 0 0 0 0 0 0 0 0 0 0 0 0 0 0 0 0 0 77 68 79 32 101 120 116 114 97 32 100 97 116 97 32 108 111 99 107 0 0 0 0 0 0 0 0 0 0 0 0 0 0 0 0 0 0 0 0 0 0 0 0 0 0 0 0 0 0 0 0 0 0 0 0 0 0 0 0 0 0 0 0 0 0 0 0 0 0 0 0 0 0 0 0 0 0 0 0 0 0 0 0 0 0 0 0 0 0 0 0 0 0 0 0 0 0 0 0 0 0 0 0 0 0 0 0 0 0 0 0 0 0 0 0 0 0 0 0 0 0 0 0 0 0 0 0 0 0 0 0 0 0 0 0 0 114 0 0 0 161 113 0 0 1 0 0 0 0 0 0 0 0 0 0 0 2 0 0 0 0 0 3 0 2 0 0 0 16 0 0 0 255 255 255 255 2 0 1 0 0 0 0 0 data 2 0x10002 0xe34 oops 0
ciMethodData sun/reflect/generics/repository/GenericDeclRepository <init> (Ljava/lang/String;Lsun/reflect/generics/factory/GenericsFactory;)V 1 845 orig 264 88 66 98 111 0 0 0 0 144 120 131 23 0 0 0 0 64 1 0 0 0 0 0 0 0 0 0 0 0 0 0 0 0 0 0 0 0 0 0 0 0 0 0 0 0 0 0 0 0 0 0 0 0 0 0 0 0 0 0 0 0 0 0 0 0 0 0 0 0 0 0 0 0 0 0 0 0 0 0 0 77 68 79 32 101 120 116 114 97 32 100 97 116 97 32 108 111 99 107 0 0 0 0 0 0 0 0 0 0 0 0 0 0 0 0 0 0 0 0 0 0 0 0 0 0 0 0 0 0 0 0 0 0 0 0 0 0 0 0 0 0 0 0 0 0 0 0 0 0 0 0 0 0 0 0 0 0 0 0 0 0 0 0 0 0 0 0 0 0 0 0 0 0 0 0 0 0 0 0 0 0 0 0 0 0 0 0 0 0 0 0 0 0 0 0 0 0 0 0 0 0 0 0 0 0 0 0 0 0 0 0 0 0 0 0 0 91 0 0 0 145 23 0 0 1 0 0 0 0 0 0 0 0 0 0 0 2 0 0 0 0 0 3 0 2 0 0 0 16 0 0 0 255 255 255 255 2 0 3 0 0 0 0 0 data 2 0x30002 0x2f2 oops 0
ciMethodData sun/reflect/generics/repository/AbstractRepository <init> (Ljava/lang/String;Lsun/reflect/generics/factory/GenericsFactory;)V 1 869 orig 264 88 66 98 111 0 0 0 0 48 126 131 23 0 0 0 0 152 1 0 0 0 0 0 0 0 0 0 0 0 0 0 0 0 0 0 0 0 0 0 0 0 0 0 0 0 0 0 0 0 0 0 0 0 0 0 0 0 0 0 0 0 0 0 0 0 0 0 0 0 0 0 0 0 0 0 0 0 0 0 0 77 68 79 32 101 120 116 114 97 32 100 97 116 97 32 108 111 99 107 0 0 0 0 0 0 0 0 0 0 0 0 0 0 0 0 0 0 0 0 0 0 0 0 0 0 0 0 0 0 0 0 0 0 0 0 0 0 0 0 0 0 0 0 0 0 0 0 0 0 0 0 0 0 0 0 0 0 0 0 0 0 0 0 0 0 0 0 0 0 0 0 0 0 0 0 0 0 0 0 0 0 0 0 0 17 0 0 0 0 0 0 0 0 0 0 0 0 0 0 0 0 0 0 0 0 0 0 0 0 0 0 0 0 0 0 0 92 0 0 0 73 24 0 0 1 0 0 0 0 0 0 0 0 0 0 0 2 0 0 0 0 0 3 0 2 0 0 0 64 0 0 0 255 255 255 255 2 0 1 0 0 0 0 0 data 8 0x10002 0x309 0x70005 0x1a 0x1cc9e2d0 0x113 0x1d082bd0 0x1d5 oops 2 4 sun/reflect/generics/repository/ClassRepository 6 sun/reflect/generics/repository/MethodRepository
ciMethodData java/lang/reflect/Method getParameterTypes ()[Ljava/lang/Class; 2 23760 orig 264 88 66 98 111 0 0 0 0 248 26 119 23 0 0 0 0 168 1 0 0 0 0 0 0 0 0 0 0 0 0 0 0 0 0 0 0 0 0 0 0 0 0 0 0 0 0 0 0 0 0 0 0 0 0 0 0 0 0 0 0 0 0 0 0 0 0 0 0 0 0 0 0 0 0 0 0 0 0 0 0 77 68 79 32 101 120 116 114 97 32 100 97 116 97 32 108 111 99 107 0 0 0 0 0 0 0 0 0 0 0 0 0 0 0 0 0 0 0 0 0 0 0 0 0 0 0 0 0 0 0 0 0 0 0 0 0 0 0 0 0 0 0 0 0 0 0 0 0 0 0 0 0 0 0 0 0 0 0 0 0 0 0 0 0 0 0 0 0 0 0 0 0 0 0 0 0 0 0 0 0 0 0 0 0 17 0 0 0 0 0 0 0 0 0 0 0 0 0 0 0 1 0 0 0 0 0 0 0 0 0 0 0 0 0 0 0 1 1 0 0 113 222 2 0 1 0 0 0 0 0 0 0 0 0 0 0 2 0 0 0 0 0 3 0 2 0 0 0 96 0 0 0 255 255 255 255 5 0 4 0 0 0 0 0 data 12 0x40005 0x0 0x1f41cab0 0x5bcf 0x0 0x0 0x70004 0x0 0x1f41cab0 0x5bd0 0x0 0x0 oops 2 2 [Ljava/lang/Class; 8 [Ljava/lang/Class;
ciMethodData sun/reflect/generics/visitor/Reifier getResult ()Ljava/lang/reflect/Type; 2 4568 orig 264 88 66 98 111 0 0 0 0 120 68 206 23 0 0 0 0 112 1 0 0 0 0 0 0 0 0 0 0 0 0 0 0 0 0 0 0 0 0 0 0 0 0 0 0 0 0 0 0 0 0 0 0 0 0 0 0 0 0 0 0 0 0 0 0 0 0 0 0 0 0 0 0 0 0 0 0 0 0 0 0 77 68 79 32 101 120 116 114 97 32 100 97 116 97 32 108 111 99 107 0 0 0 0 0 0 0 0 0 0 0 0 0 0 0 0 0 0 0 0 0 0 0 0 0 0 0 0 0 0 0 0 0 0 0 0 0 0 0 0 0 0 0 0 0 0 0 0 0 0 0 0 0 0 0 0 0 0 0 0 0 0 0 0 0 0 0 0 0 0 0 0 0 0 0 0 0 0 0 0 0 0 0 0 0 0 0 0 0 0 0 0 0 0 0 0 0 0 0 0 0 0 0 0 0 0 0 0 0 0 0 0 0 0 0 0 0 0 1 0 0 193 134 0 0 1 0 0 0 0 0 0 0 0 0 0 0 2 0 0 0 0 0 4 0 2 0 0 0 80 0 0 0 255 255 255 255 7 0 3 0 0 0 0 0 data 10 0x30007 0x10d8 0x50 0x0 0xa0007 0x0 0x30 0x0 0x110002 0x0 oops 0
ciMethodData sun/reflect/generics/visitor/Reifier make (Lsun/reflect/generics/factory/GenericsFactory;)Lsun/reflect/generics/visitor/Reifier; 2 4569 orig 264 88 66 98 111 0 0 0 0 16 67 206 23 0 0 0 0 48 1 0 0 0 0 0 0 0 0 0 0 0 0 0 0 0 0 0 0 0 0 0 0 0 0 0 0 0 0 0 0 0 0 0 0 0 0 0 0 0 0 0 0 0 0 0 0 0 0 0 0 0 0 0 0 0 0 0 0 0 0 0 0 77 68 79 32 101 120 116 114 97 32 100 97 116 97 32 108 111 99 107 0 0 0 0 0 0 0 0 0 0 0 0 0 0 0 0 0 0 0 0 0 0 0 0 0 0 0 0 0 0 0 0 0 0 0 0 0 0 0 0 0 0 0 0 0 0 0 0 0 0 0 0 0 0 0 0 0 0 0 0 0 0 0 0 0 0 0 0 0 0 0 0 0 0 0 0 0 0 0 0 0 0 0 0 0 0 0 0 0 0 0 0 0 0 0 0 0 0 0 0 0 0 0 0 0 0 0 0 0 0 0 0 0 0 0 0 0 2 1 0 0 185 134 0 0 1 0 0 0 0 0 0 0 0 0 0 0 2 0 0 0 0 0 3 0 2 0 0 0 16 0 0 0 255 255 255 255 2 0 5 0 0 0 0 0 data 2 0x50002 0x10d7 oops 0
ciMethodData sun/reflect/generics/visitor/Reifier <init> (Lsun/reflect/generics/factory/GenericsFactory;)V 2 4567 orig 264 88 66 98 111 0 0 0 0 224 65 206 23 0 0 0 0 56 1 0 0 0 0 0 0 0 0 0 0 0 0 0 0 0 0 0 0 0 0 0 0 0 0 0 0 0 0 0 0 0 0 0 0 0 0 0 0 0 0 0 0 0 0 0 0 0 0 0 0 0 0 0 0 0 0 0 0 0 0 0 0 77 68 79 32 101 120 116 114 97 32 100 97 116 97 32 108 111 99 107 0 0 0 0 0 0 0 0 0 0 0 0 0 0 0 0 0 0 0 0 0 0 0 0 0 0 0 0 0 0 0 0 0 0 0 0 0 0 0 0 0 0 0 0 0 0 0 0 0 0 0 0 0 0 0 0 0 0 0 0 0 0 0 0 0 0 0 0 0 0 0 0 0 0 0 0 0 0 0 0 0 0 0 0 0 0 0 0 0 0 0 0 0 0 0 0 0 0 0 0 0 0 0 0 0 0 0 0 0 0 0 0 0 0 0 0 0 0 1 0 0 185 134 0 0 1 0 0 0 0 0 0 0 0 0 0 0 2 0 0 0 0 0 3 0 2 0 0 0 16 0 0 0 255 255 255 255 2 0 1 0 0 0 0 0 data 2 0x10002 0x10d7 oops 0
ciMethodData sun/reflect/generics/repository/AbstractRepository getReifier ()Lsun/reflect/generics/visitor/Reifier; 2 1599 orig 264 88 66 98 111 0 0 0 0 136 125 131 23 0 0 0 0 104 1 0 0 0 0 0 0 0 0 0 0 0 0 0 0 0 0 0 0 0 0 0 0 0 0 0 0 0 0 0 0 0 0 0 0 0 0 0 0 0 0 0 0 0 0 0 0 0 0 0 0 0 0 0 0 0 0 0 0 0 0 0 0 77 68 79 32 101 120 116 114 97 32 100 97 116 97 32 108 111 99 107 0 0 0 0 0 0 0 0 0 0 0 0 0 0 0 0 0 0 0 0 0 0 0 0 0 0 0 0 0 0 0 0 0 0 0 0 0 0 0 0 0 0 0 0 0 0 0 0 0 0 0 0 0 0 0 0 0 0 0 0 0 0 0 0 0 0 0 0 0 0 0 0 0 0 0 0 0 0 0 0 0 0 0 0 0 17 0 0 0 0 0 0 0 0 0 0 0 0 0 0 0 1 0 0 0 0 0 0 0 0 0 0 0 0 0 0 0 219 0 0 0 33 43 0 0 1 0 0 0 0 0 0 0 0 0 0 0 2 0 0 0 0 0 3 0 2 0 0 0 32 0 0 0 255 255 255 255 2 0 1 0 0 0 0 0 data 4 0x10002 0x564 0x40002 0x564 oops 0
ciMethod sun/reflect/generics/scope/MethodScope <init> (Ljava/lang/reflect/Method;)V 169 1 468 0 0
ciMethod sun/reflect/generics/scope/MethodScope make (Ljava/lang/reflect/Method;)Lsun/reflect/generics/scope/MethodScope; 169 1 468 0 0
ciMethod sun/reflect/generics/repository/MethodRepository <init> (Ljava/lang/String;Lsun/reflect/generics/factory/GenericsFactory;)V 169 1 469 0 0
ciMethod sun/reflect/generics/repository/MethodRepository make (Ljava/lang/String;Lsun/reflect/generics/factory/GenericsFactory;)Lsun/reflect/generics/repository/MethodRepository; 169 1 468 0 0
ciMethod sun/reflect/generics/repository/MethodRepository getReturnType ()Ljava/lang/reflect/Type; 313 1 810 0 0
ciMethod sun/reflect/generics/repository/ConstructorRepository <init> (Ljava/lang/String;Lsun/reflect/generics/factory/GenericsFactory;)V 169 1 479 0 0
ciMethod sun/reflect/generics/repository/ConstructorRepository parse (Ljava/lang/String;)Lsun/reflect/generics/tree/MethodTypeSignature; 2049 1 479 0 0
ciMethod sun/reflect/generics/repository/ConstructorRepository make (Ljava/lang/String;Lsun/reflect/generics/factory/GenericsFactory;)Lsun/reflect/generics/repository/ConstructorRepository; 81 1 10 0 -1
ciMethod sun/reflect/generics/repository/ConstructorRepository getParameterTypes ()[Ljava/lang/reflect/Type; 193 81 1357 0 0
ciMethod sun/reflect/generics/repository/ConstructorRepository parse (Ljava/lang/String;)Lsun/reflect/generics/tree/Tree; 2049 1 479 0 0
ciMethod sun/reflect/generics/tree/MethodTypeSignature getParameterTypes ()[Lsun/reflect/generics/tree/TypeSignature; 857 1 107 0 0
ciMethod sun/reflect/generics/tree/MethodTypeSignature getReturnType ()Lsun/reflect/generics/tree/ReturnType; 1025 1 128 0 0
ciMethod org/springframework/core/MethodParameter getMethod ()Ljava/lang/reflect/Method; 3145 1 5550 0 0
ciMethod org/springframework/core/MethodParameter getParameterType ()Ljava/lang/Class; 401 1 2208 0 -1
ciMethod org/springframework/core/MethodParameter getGenericParameterType ()Ljava/lang/reflect/Type; 2057 1 4936 0 0
ciMethod org/springframework/core/SerializableTypeWrapper$MethodParameterTypeProvider getType ()Ljava/lang/reflect/Type; 2049 1 4847 0 0
ciMethodData java/lang/reflect/Constructor getParameterTypes ()[Ljava/lang/Class; 2 5707 orig 264 88 66 98 111 0 0 0 0 72 113 119 23 0 0 0 0 168 1 0 0 0 0 0 0 0 0 0 0 0 0 0 0 0 0 0 0 0 0 0 0 0 0 0 0 0 0 0 0 0 0 0 0 0 0 0 0 0 0 0 0 0 0 0 0 0 0 0 0 0 0 0 0 0 0 0 0 0 0 0 0 77 68 79 32 101 120 116 114 97 32 100 97 116 97 32 108 111 99 107 0 0 0 0 0 0 0 0 0 0 0 0 0 0 0 0 0 0 0 0 0 0 0 0 0 0 0 0 0 0 0 0 0 0 0 0 0 0 0 0 0 0 0 0 0 0 0 0 0 0 0 0 0 0 0 0 0 0 0 0 0 0 0 0 0 0 0 0 0 0 0 0 0 0 0 0 0 0 0 0 0 0 0 0 0 0 0 0 0 0 0 0 0 0 0 0 0 0 0 0 0 0 0 0 0 0 0 0 0 0 0 0 0 0 0 0 0 193 0 0 0 81 172 0 0 1 0 0 0 0 0 0 0 0 0 0 0 2 0 0 0 0 0 3 0 2 0 0 0 96 0 0 0 255 255 255 255 5 0 4 0 0 0 0 0 data 12 0x40005 0x0 0x1f41cab0 0x158b 0x0 0x0 0x70004 0x0 0x1f41cab0 0x158c 0x0 0x0 oops 2 2 [Ljava/lang/Class; 8 [Ljava/lang/Class;
ciMethod org/springframework/core/SerializableTypeWrapper$FieldTypeProvider getType ()Ljava/lang/reflect/Type; 833 1 104 0 0
ciMethodData org/springframework/core/MethodParameter getMethod ()Ljava/lang/reflect/Method; 2 5550 orig 264 88 66 98 111 0 0 0 0 160 72 195 27 0 0 0 0 224 1 0 0 0 0 0 0 0 0 0 0 0 0 0 0 0 0 0 0 0 0 0 0 0 0 0 0 0 0 0 0 0 0 0 0 0 0 0 0 0 0 0 0 0 0 0 0 0 0 0 0 0 0 0 0 0 0 0 0 0 0 0 0 77 68 79 32 101 120 116 114 97 32 100 97 116 97 32 108 111 99 107 0 0 0 0 0 0 0 0 0 0 0 0 0 0 0 0 0 0 0 0 0 0 0 0 0 0 0 0 0 0 0 0 0 0 0 0 0 0 0 0 0 0 0 0 0 0 0 0 0 0 0 0 0 0 0 0 0 0 0 0 0 0 0 0 0 0 0 0 0 0 0 0 0 0 0 0 0 0 0 0 0 0 0 0 0 0 0 0 0 0 0 0 0 0 0 0 0 0 0 0 0 0 0 0 0 0 0 0 0 0 0 0 0 0 0 0 0 137 1 0 0 41 161 0 0 1 0 0 0 0 0 0 0 0 0 0 0 2 0 0 0 0 0 6 0 2 0 0 0 152 0 0 0 255 255 255 255 4 0 4 0 0 0 0 0 data 19 0x40004 0xffffffffffffffc4 0x35e0b50 0x13ea 0x0 0x0 0x70007 0x3c 0x68 0x13ea 0xe0004 0x0 0x35e0b50 0x13ed 0x0 0x0 0x110003 0x13ed 0x18 oops 2 2 java/lang/reflect/Method 12 java/lang/reflect/Method
ciMethodData org/springframework/core/SerializableTypeWrapper$MethodParameterTypeProvider getType ()Ljava/lang/reflect/Type; 2 4847 orig 264 88 66 98 111 0 0 0 0 72 135 195 27 0 0 0 0 120 1 0 0 0 0 0 0 0 0 0 0 0 0 0 0 0 0 0 0 0 0 0 0 0 0 0 0 0 0 0 0 0 0 0 0 0 0 0 0 0 0 0 0 0 0 0 0 0 0 0 0 0 0 0 0 0 0 0 0 0 0 0 0 77 68 79 32 101 120 116 114 97 32 100 97 116 97 32 108 111 99 107 0 0 0 0 0 0 0 0 0 0 0 0 0 0 0 0 0 0 0 0 0 0 0 0 0 0 0 0 0 0 0 0 0 0 0 0 0 0 0 0 0 0 0 0 0 0 0 0 0 0 0 0 0 0 0 0 0 0 0 0 0 0 0 0 0 0 0 0 0 0 0 0 0 0 0 0 0 0 0 0 0 0 0 0 0 0 0 0 0 0 0 0 0 0 0 0 0 0 0 0 0 0 0 0 0 0 0 0 0 0 0 0 0 0 0 0 0 0 1 0 0 121 143 0 0 1 0 0 0 0 0 0 0 0 0 0 0 2 0 0 0 0 0 3 0 2 0 0 0 48 0 0 0 255 255 255 255 5 0 4 0 0 0 0 0 data 6 0x40005 0x0 0x1acc7be0 0x11f1 0x0 0x0 oops 1 2 org/springframework/core/MethodParameter
ciMethodData org/springframework/core/MethodParameter getGenericParameterType ()Ljava/lang/reflect/Type; 2 4936 orig 264 88 66 98 111 0 0 0 0 112 91 195 27 0 0 0 0 240 3 0 0 96 2 0 0 0 0 0 0 0 0 0 0 0 0 0 0 0 0 0 0 0 0 0 0 0 0 0 0 0 0 0 0 0 0 0 0 0 0 0 0 0 0 0 0 0 0 0 0 0 0 0 0 0 0 0 0 0 0 0 0 77 68 79 32 101 120 116 114 97 32 100 97 116 97 32 108 111 99 107 0 0 0 0 0 0 0 0 0 0 0 0 0 0 0 0 0 0 0 0 0 0 0 0 0 0 0 0 0 0 0 0 0 0 0 0 0 0 0 0 0 0 0 0 0 0 0 0 0 0 0 0 0 0 0 0 0 0 0 0 0 0 0 0 0 0 0 0 0 0 0 0 0 0 0 0 0 0 0 0 0 0 0 0 0 0 0 0 0 0 0 0 0 0 0 0 0 0 0 0 0 0 0 0 0 0 0 0 0 0 0 0 0 0 0 0 0 1 1 0 0 57 146 0 0 1 0 0 0 0 0 0 0 0 0 0 0 2 0 0 0 0 0 61 0 2 0 0 0 168 2 0 0 255 255 255 255 7 0 6 0 0 0 0 0 data 85 0x60007 0xac9 0x2a8 0x77f 0xd0007 0x436 0xd0 0x349 0x110005 0x0 0x1acc7be0 0x349 0x0 0x0 0x160007 0x0 0x68 0x349 0x1a0005 0xd 0x35e0b50 0x33c 0x0 0x0 0x1d0003 0x349 0x18 0x240003 0x349 0x1d0 0x2b0005 0x0 0x35e0b50 0x41c 0x35e0c90 0x1a 0x380004 0xfffffffffffffbe3 0x35e0c90 0x1a 0x35e0b50 0x1e 0x3b0007 0x41c 0xd0 0x1a 0x420005 0x0 0x35e0c90 0x1a 0x0 0x0 0x450002 0x1a 0x480007 0x1a 0x70 0x0 0x510005 0x0 0x0 0x0 0x0 0x0 0x560007 0x0 0x20 0x0 0x610007 0x0 0x58 0x436 0x670007 0x0 0x38 0x436 0x6d0003 0x436 0x48 0x710005 0x0 0x0 0x0 0x0 0x0 oops 7 10 org/springframework/core/MethodParameter 20 java/lang/reflect/Method 32 java/lang/reflect/Method 34 java/lang/reflect/Constructor 38 java/lang/reflect/Constructor 40 java/lang/reflect/Method 48 java/lang/reflect/Constructor
ciMethodData java/lang/reflect/Executable getGenericParameterTypes ()[Ljava/lang/reflect/Type; 2 4132 orig 264 88 66 98 111 0 0 0 0 56 73 119 23 0 0 0 0 40 2 0 0 128 0 0 0 0 0 0 0 0 0 0 0 0 0 0 0 0 0 0 0 0 0 0 0 0 0 0 0 0 0 0 0 0 0 0 0 0 0 0 0 0 0 0 0 0 0 0 0 0 0 0 0 0 0 0 0 0 0 0 0 77 68 79 32 101 120 116 114 97 32 100 97 116 97 32 108 111 99 107 0 0 0 0 0 0 0 0 0 0 0 0 0 0 0 0 0 0 0 0 0 0 0 0 0 0 0 0 0 0 0 0 0 0 0 0 0 0 0 0 0 0 0 0 0 0 0 0 0 0 0 0 0 0 0 0 0 0 0 0 0 0 0 0 0 0 0 0 0 0 0 0 0 0 0 0 0 0 0 0 0 0 0 0 0 17 0 0 0 0 0 0 0 0 0 0 0 0 0 0 0 0 0 0 0 0 0 0 0 0 0 0 0 0 0 0 0 0 1 0 0 33 121 0 0 1 0 0 0 0 0 0 0 0 0 0 0 2 0 0 0 0 0 5 0 2 0 0 0 224 0 0 0 255 255 255 255 5 0 1 0 0 0 0 0 data 28 0x10005 0x0 0x35e0b50 0xe59 0x35e0c90 0xcb 0x40007 0x9ef 0x80 0x535 0x80005 0x0 0x35e0b50 0x519 0x35e0c90 0x1b 0xb0005 0x0 0x1d082bd0 0x519 0x1cc9a870 0x1b 0x100005 0x0 0x35e0b50 0x93e 0x35e0c90 0xb0 oops 8 2 java/lang/reflect/Method 4 java/lang/reflect/Constructor 12 java/lang/reflect/Method 14 java/lang/reflect/Constructor 18 sun/reflect/generics/repository/MethodRepository 20 sun/reflect/generics/repository/ConstructorRepository 24 java/lang/reflect/Method 26 java/lang/reflect/Constructor
ciMethodData sun/reflect/generics/repository/ConstructorRepository getParameterTypes ()[Ljava/lang/reflect/Type; 2 1357 orig 264 88 66 98 111 0 0 0 0 216 112 178 27 0 0 0 0 80 3 0 0 128 0 0 0 0 0 0 0 0 0 0 0 0 0 0 0 0 0 0 0 0 0 0 0 0 0 0 0 0 0 0 0 0 0 0 0 0 0 0 0 0 0 0 0 0 0 0 0 0 0 0 0 0 0 0 0 0 0 0 0 77 68 79 32 101 120 116 114 97 32 100 97 116 97 32 108 111 99 107 0 0 0 0 0 0 0 0 0 0 0 0 0 0 0 0 0 0 0 0 0 0 0 0 0 0 0 0 0 0 0 0 0 0 0 0 0 0 0 0 0 0 0 0 0 0 0 0 0 0 0 0 0 0 0 0 0 0 0 0 0 0 0 0 0 0 0 0 0 0 0 0 0 0 0 0 0 0 0 0 0 0 0 0 0 0 0 0 0 0 0 0 0 0 0 0 0 0 0 0 0 0 0 0 0 0 0 0 0 0 0 0 0 0 0 0 0 24 0 0 0 169 41 0 0 129 16 0 0 0 0 0 0 0 0 0 0 2 0 0 0 1 0 11 0 2 0 0 0 8 2 0 0 255 255 255 255 7 0 4 0 0 0 0 0 data 65 0x40007 0x39f 0x1a8 0x196 0x80005 0x0 0x1d082bd0 0x18c 0x1cc9a870 0xa 0xb0004 0x0 0x1cc9efe0 0x196 0x0 0x0 0xe0005 0x0 0x1cc9efe0 0x196 0x0 0x0 0x1d0007 0x197 0xf8 0x20f 0x210005 0x0 0x1d082bd0 0x1f5 0x1cc9a870 0x1a 0x2b0005 0xc7 0x1cdf1540 0x13a 0x1cd99420 0xe 0x340005 0x0 0x1cdf0890 0x210 0x0 0x0 0x370004 0x0 0x35df520 0xab 0x1d0fff80 0xcb 0x3b0003 0x210 0xffffffffffffff20 0x470005 0x0 0x1accb970 0x535 0x0 0x0 0x4a0004 0x0 0x1accb970 0x536 0x0 0x0 oops 13 6 sun/reflect/generics/repository/MethodRepository 8 sun/reflect/generics/repository/ConstructorRepository 12 sun/reflect/generics/tree/MethodTypeSignature 18 sun/reflect/generics/tree/MethodTypeSignature 28 sun/reflect/generics/repository/MethodRepository 30 sun/reflect/generics/repository/ConstructorRepository 34 sun/reflect/generics/tree/ClassTypeSignature 36 sun/reflect/generics/tree/ArrayTypeSignature 40 sun/reflect/generics/visitor/Reifier 46 java/lang/Class 48 sun/reflect/generics/reflectiveObjects/ParameterizedTypeImpl 55 [Ljava/lang/reflect/Type; 61 [Ljava/lang/reflect/Type;
ciMethodData java/lang/reflect/Method getGenericParameterTypes ()[Ljava/lang/reflect/Type; 2 3932 orig 264 88 66 98 111 0 0 0 0 40 28 119 23 0 0 0 0 48 1 0 0 0 0 0 0 0 0 0 0 0 0 0 0 0 0 0 0 0 0 0 0 0 0 0 0 0 0 0 0 0 0 0 0 0 0 0 0 0 0 0 0 0 0 0 0 0 0 0 0 0 0 0 0 0 0 0 0 0 0 0 0 77 68 79 32 101 120 116 114 97 32 100 97 116 97 32 108 111 99 107 0 0 0 0 0 0 0 0 0 0 0 0 0 0 0 0 0 0 0 0 0 0 0 0 0 0 0 0 0 0 0 0 0 0 0 0 0 0 0 0 0 0 0 0 0 0 0 0 0 0 0 0 0 0 0 0 0 0 0 0 0 0 0 0 0 0 0 0 0 0 0 0 0 0 0 0 0 0 0 0 0 0 0 0 0 17 0 0 0 0 0 0 0 0 0 0 0 0 0 0 0 0 0 0 0 0 0 0 0 0 0 0 0 0 0 0 0 0 1 0 0 225 114 0 0 1 0 0 0 0 0 0 0 0 0 0 0 2 0 0 0 0 0 15 0 2 0 0 0 16 0 0 0 255 255 255 255 2 0 1 0 0 0 0 0 data 2 0x10002 0xe5c oops 0
ciMethodData java/lang/reflect/Method getGenericInfo ()Lsun/reflect/generics/repository/ConstructorRepository; 2 1408 orig 264 88 66 98 111 0 0 0 0 184 43 119 23 0 0 0 0 120 1 0 0 0 0 0 0 0 0 0 0 0 0 0 0 0 0 0 0 0 0 0 0 0 0 0 0 0 0 0 0 0 0 0 0 0 0 0 0 0 0 0 0 0 0 0 0 0 0 0 0 0 0 0 0 0 0 0 0 0 0 0 0 77 68 79 32 101 120 116 114 97 32 100 97 116 97 32 108 111 99 107 0 0 0 0 0 0 0 0 0 0 0 0 0 0 0 0 0 0 0 0 0 0 0 0 0 0 0 0 0 0 0 0 0 0 0 0 0 0 0 0 0 0 0 0 0 0 0 0 0 0 0 0 0 0 0 0 0 0 0 0 0 0 0 0 0 0 0 0 0 0 0 0 0 0 0 0 0 0 0 0 0 0 0 0 0 0 0 0 0 0 0 0 0 0 0 0 0 0 0 0 0 0 0 0 0 0 0 0 0 0 0 0 0 0 0 0 0 31 0 0 0 9 43 0 0 1 0 0 0 0 0 0 0 0 0 0 0 2 0 0 0 0 0 0 0 0 0 0 0 48 0 0 0 255 255 255 255 5 0 1 0 0 0 0 0 data 6 0x10005 0x2a 0x35e0b50 0x537 0x0 0x0 oops 1 2 java/lang/reflect/Method
ciMethodData org/springframework/core/ResolvableType equals (Ljava/lang/Object;)Z 2 5385 orig 264 88 66 98 111 0 0 0 0 88 97 210 23 0 0 0 0 48 4 0 0 144 2 0 0 0 0 0 0 0 0 0 0 0 0 0 0 0 0 0 0 0 0 0 0 0 0 0 0 0 0 0 0 0 0 0 0 0 0 0 0 0 0 0 0 0 0 0 0 0 0 0 0 0 0 0 0 0 0 0 0 77 68 79 32 101 120 116 114 97 32 100 97 116 97 32 108 111 99 107 0 0 0 0 0 0 0 0 0 0 0 0 0 0 0 0 0 0 0 0 0 0 0 0 0 0 0 0 0 0 0 0 0 0 0 0 0 0 0 0 0 0 0 0 0 0 0 0 0 0 0 0 0 0 0 0 0 0 0 0 0 0 0 0 0 0 0 0 0 0 0 0 0 0 0 0 0 0 0 0 0 0 0 0 0 0 0 0 0 0 0 0 0 0 0 0 0 0 0 0 0 0 0 0 0 0 0 0 0 0 0 0 0 0 0 0 0 4 1 0 0 41 160 0 0 1 0 0 0 0 0 0 0 0 0 0 0 2 0 0 0 0 0 31 0 2 0 0 0 224 2 0 0 255 255 255 255 7 0 2 0 0 0 0 0 data 92 0x20007 0x1405 0x20 0x0 0x80004 0x0 0x1daf00b0 0x1405 0x0 0x0 0xb0007 0x1406 0x20 0x0 0x110004 0x0 0x1daf00b0 0x1406 0x0 0x0 0x1d0002 0x1406 0x200007 0x1407 0x20 0x0 0x2d0007 0x1187 0xf0 0x27e 0x340007 0x0 0xd0 0x27f 0x3b0007 0x0 0xb0 0x27e 0x420005 0x0 0x1daf0720 0x27b 0x1daf07d0 0x3 0x4b0005 0x0 0x1daf0720 0x27a 0x1daf07d0 0x3 0x500002 0x280 0x530007 0x27f 0x20 0x0 0x600007 0x6e5 0xf0 0xd22 0x670007 0x0 0xd0 0xd22 0x6e0007 0x0 0xb0 0xd22 0x750005 0x0 0x1daf0880 0xbc2 0x1daf0930 0x15e 0x7e0005 0x0 0x1daf0880 0xbc2 0x1daf0930 0x15e 0x830002 0xd23 0x860007 0xd1f 0x20 0x0 0x930002 0x1400 0x960007 0x1403 0x20 0x0 oops 10 6 org/springframework/core/ResolvableType 16 org/springframework/core/ResolvableType 40 org/springframework/core/SerializableTypeWrapper$MethodParameterTypeProvider 42 org/springframework/core/SerializableTypeWrapper$FieldTypeProvider 46 org/springframework/core/SerializableTypeWrapper$MethodParameterTypeProvider 48 org/springframework/core/SerializableTypeWrapper$FieldTypeProvider 70 org/springframework/core/ResolvableType$DefaultVariableResolver 72 org/springframework/core/ResolvableType$TypeVariablesVariableResolver 76 org/springframework/core/ResolvableType$DefaultVariableResolver 78 org/springframework/core/ResolvableType$TypeVariablesVariableResolver
ciMethodData java/lang/reflect/Method hasGenericInformation ()Z 2 4784 orig 264 88 66 98 111 0 0 0 0 8 22 119 23 0 0 0 0 104 1 0 0 0 0 0 0 0 0 0 0 0 0 0 0 0 0 0 0 0 0 0 0 0 0 0 0 0 0 0 0 0 0 0 0 0 0 0 0 0 0 0 0 0 0 0 0 0 0 0 0 0 0 0 0 0 0 0 0 0 0 0 0 77 68 79 32 101 120 116 114 97 32 100 97 116 97 32 108 111 99 107 0 0 0 0 0 0 0 0 0 0 0 0 0 0 0 0 0 0 0 0 0 0 0 0 0 0 0 0 0 0 0 0 0 0 0 0 0 0 0 0 0 0 0 0 0 0 0 0 0 0 0 0 0 0 0 0 0 0 0 0 0 0 0 0 0 0 0 0 0 0 0 0 0 0 0 0 0 0 0 0 0 0 0 0 0 0 0 0 0 0 0 0 0 0 0 0 0 0 0 0 0 0 0 0 0 0 0 0 0 0 0 0 0 0 0 0 0 22 1 0 0 209 140 0 0 1 0 0 0 0 0 0 0 0 0 0 0 2 0 0 0 0 0 6 0 2 0 0 0 72 0 0 0 255 255 255 255 2 0 1 0 0 0 0 0 data 9 0x10002 0x119a 0x40007 0xba6 0x38 0x5f5 0x80003 0x5f5 0x18 oops 0
ciMethodData java/lang/reflect/Method getGenericReturnType ()Ljava/lang/reflect/Type; 2 3515 orig 264 88 66 98 111 0 0 0 0 88 26 119 23 0 0 0 0 8 2 0 0 96 0 0 0 0 0 0 0 0 0 0 0 0 0 0 0 0 0 0 0 0 0 0 0 0 0 0 0 0 0 0 0 0 0 0 0 0 0 0 0 0 0 0 0 0 0 0 0 0 0 0 0 0 0 0 0 0 0 0 0 77 68 79 32 101 120 116 114 97 32 100 97 116 97 32 108 111 99 107 0 0 0 0 0 0 0 0 0 0 0 0 0 0 0 0 0 0 0 0 0 0 0 0 0 0 0 0 0 0 0 0 0 0 0 0 0 0 0 0 0 0 0 0 0 0 0 0 0 0 0 0 0 0 0 0 0 0 0 0 0 0 0 0 0 0 0 0 0 0 0 0 0 0 0 0 0 0 0 0 0 0 0 0 0 0 0 0 0 0 0 0 0 0 0 0 0 0 0 0 0 0 0 0 0 0 0 0 0 0 0 0 0 0 0 0 0 0 1 0 0 217 101 0 0 1 0 0 0 0 0 0 0 0 0 0 0 2 0 0 0 0 0 9 0 2 0 0 0 192 0 0 0 255 255 255 255 2 0 1 0 0 0 0 0 data 24 0x10002 0xcbb 0x40007 0x9b8 0x80 0x303 0x80005 0x0 0x35e0b50 0x303 0x0 0x0 0xb0005 0x0 0x1d082bd0 0x303 0x0 0x0 0x100005 0xe 0x35e0b50 0x9aa 0x0 0x0 oops 3 8 java/lang/reflect/Method 14 sun/reflect/generics/repository/MethodRepository 20 java/lang/reflect/Method
ciMethodData java/lang/reflect/Method getGenericInfo ()Lsun/reflect/generics/repository/MethodRepository; 2 2630 orig 264 88 66 98 111 0 0 0 0 8 19 119 23 0 0 0 0 152 1 0 0 0 0 0 0 0 0 0 0 0 0 0 0 0 0 0 0 0 0 0 0 0 0 0 0 0 0 0 0 0 0 0 0 0 0 0 0 0 0 0 0 0 0 0 0 0 0 0 0 0 0 0 0 0 0 0 0 0 0 0 0 77 68 79 32 101 120 116 114 97 32 100 97 116 97 32 108 111 99 107 0 0 0 0 0 0 0 0 0 0 0 0 0 0 0 0 0 0 0 0 0 0 0 0 0 0 0 0 0 0 0 0 0 0 0 0 0 0 0 0 0 0 0 0 0 0 0 0 0 0 0 0 0 0 0 0 0 0 0 0 0 0 0 0 0 0 0 0 0 0 0 0 0 0 0 0 0 0 0 0 0 0 0 0 0 17 0 0 0 0 0 0 0 0 0 0 0 0 0 0 0 0 0 0 0 0 0 0 0 0 0 0 0 0 0 0 0 80 0 0 0 177 79 0 0 1 0 0 0 0 0 0 0 0 0 0 0 2 0 0 0 0 0 6 0 2 0 0 0 80 0 0 0 255 255 255 255 7 0 4 0 0 0 0 0 data 10 0x40007 0x837 0x50 0x1bf 0x90002 0x1bf 0xd0002 0x1c0 0x100002 0x1bf oops 0
ciMethodData java/lang/reflect/Method getFactory ()Lsun/reflect/generics/factory/GenericsFactory; 1 469 orig 264 88 66 98 111 0 0 0 0 88 18 119 23 0 0 0 0 104 1 0 0 0 0 0 0 0 0 0 0 0 0 0 0 0 0 0 0 0 0 0 0 0 0 0 0 0 0 0 0 0 0 0 0 0 0 0 0 0 0 0 0 0 0 0 0 0 0 0 0 0 0 0 0 0 0 0 0 0 0 0 0 77 68 79 32 101 120 116 114 97 32 100 97 116 97 32 108 111 99 107 0 0 0 0 0 0 0 0 0 0 0 0 0 0 0 0 0 0 0 0 0 0 0 0 0 0 0 0 0 0 0 0 0 0 0 0 0 0 0 0 0 0 0 0 0 0 0 0 0 0 0 0 0 0 0 0 0 0 0 0 0 0 0 0 0 0 0 0 0 0 0 0 0 0 0 0 0 0 0 0 0 0 0 0 0 17 0 0 0 0 0 0 0 0 0 0 0 0 0 0 0 0 0 0 0 0 0 0 0 0 0 0 0 0 0 0 0 21 0 0 0 1 14 0 0 1 0 0 0 0 0 0 0 0 0 0 0 2 0 0 0 0 0 0 0 0 0 0 0 32 0 0 0 255 255 255 255 2 0 2 0 0 0 0 0 data 4 0x20002 0x1c0 0x50002 0x1bf oops 0
ciMethodData sun/reflect/generics/scope/MethodScope make (Ljava/lang/reflect/Method;)Lsun/reflect/generics/scope/MethodScope; 1 468 orig 264 88 66 98 111 0 0 0 0 224 98 178 27 0 0 0 0 48 1 0 0 0 0 0 0 0 0 0 0 0 0 0 0 0 0 0 0 0 0 0 0 0 0 0 0 0 0 0 0 0 0 0 0 0 0 0 0 0 0 0 0 0 0 0 0 0 0 0 0 0 0 0 0 0 0 0 0 0 0 0 0 77 68 79 32 101 120 116 114 97 32 100 97 116 97 32 108 111 99 107 0 0 0 0 0 0 0 0 0 0 0 0 0 0 0 0 0 0 0 0 0 0 0 0 0 0 0 0 0 0 0 0 0 0 0 0 0 0 0 0 0 0 0 0 0 0 0 0 0 0 0 0 0 0 0 0 0 0 0 0 0 0 0 0 0 0 0 0 0 0 0 0 0 0 0 0 0 0 0 0 0 0 0 0 0 13 0 0 0 0 0 0 0 0 0 0 0 0 0 0 0 0 0 0 0 0 0 0 0 0 0 0 0 0 0 0 0 21 0 0 0 249 13 0 0 1 0 0 0 0 0 0 0 0 0 0 0 2 0 0 0 0 0 0 0 0 0 0 0 16 0 0 0 255 255 255 255 2 0 5 0 0 0 0 0 data 2 0x50002 0x1bf oops 0
ciMethodData sun/reflect/generics/scope/MethodScope <init> (Ljava/lang/reflect/Method;)V 1 468 orig 264 88 66 98 111 0 0 0 0 16 97 178 27 0 0 0 0 56 1 0 0 0 0 0 0 0 0 0 0 0 0 0 0 0 0 0 0 0 0 0 0 0 0 0 0 0 0 0 0 0 0 0 0 0 0 0 0 0 0 0 0 0 0 0 0 0 0 0 0 0 0 0 0 0 0 0 0 0 0 0 0 77 68 79 32 101 120 116 114 97 32 100 97 116 97 32 108 111 99 107 0 0 0 0 0 0 0 0 0 0 0 0 0 0 0 0 0 0 0 0 0 0 0 0 0 0 0 0 0 0 0 0 0 0 0 0 0 0 0 0 0 0 0 0 0 0 0 0 0 0 0 0 0 0 0 0 0 0 0 0 0 0 0 0 0 0 0 0 0 0 0 0 0 0 0 0 0 0 0 0 0 0 0 0 0 1 0 0 0 0 0 0 0 0 0 0 0 0 0 0 0 1 0 0 0 0 0 0 0 0 0 0 0 0 0 0 0 21 0 0 0 249 13 0 0 1 0 0 0 0 0 0 0 0 0 0 0 2 0 0 0 0 0 0 0 0 0 0 0 16 0 0 0 255 255 255 255 2 0 2 0 0 0 0 0 data 2 0x20002 0x1bf oops 0
ciMethodData sun/reflect/generics/repository/MethodRepository make (Ljava/lang/String;Lsun/reflect/generics/factory/GenericsFactory;)Lsun/reflect/generics/repository/MethodRepository; 1 469 orig 264 88 66 98 111 0 0 0 0 192 105 178 27 0 0 0 0 56 1 0 0 0 0 0 0 0 0 0 0 0 0 0 0 0 0 0 0 0 0 0 0 0 0 0 0 0 0 0 0 0 0 0 0 0 0 0 0 0 0 0 0 0 0 0 0 0 0 0 0 0 0 0 0 0 0 0 0 0 0 0 0 77 68 79 32 101 120 116 114 97 32 100 97 116 97 32 108 111 99 107 0 0 0 0 0 0 0 0 0 0 0 0 0 0 0 0 0 0 0 0 0 0 0 0 0 0 0 0 0 0 0 0 0 0 0 0 0 0 0 0 0 0 0 0 0 0 0 0 0 0 0 0 0 0 0 0 0 0 0 0 0 0 0 0 0 0 0 0 0 0 0 0 0 0 0 0 0 0 0 0 0 0 0 0 0 0 0 0 0 0 0 0 0 0 0 0 0 0 0 0 0 0 0 0 0 0 0 0 0 0 0 0 0 0 0 0 0 21 0 0 0 1 14 0 0 1 0 0 0 0 0 0 0 0 0 0 0 2 0 0 0 0 0 0 0 0 0 0 0 16 0 0 0 255 255 255 255 2 0 6 0 0 0 0 0 data 2 0x60002 0x1c0 oops 0
ciMethodData sun/reflect/generics/repository/MethodRepository <init> (Ljava/lang/String;Lsun/reflect/generics/factory/GenericsFactory;)V 1 469 orig 264 88 66 98 111 0 0 0 0 40 105 178 27 0 0 0 0 64 1 0 0 0 0 0 0 0 0 0 0 0 0 0 0 0 0 0 0 0 0 0 0 0 0 0 0 0 0 0 0 0 0 0 0 0 0 0 0 0 0 0 0 0 0 0 0 0 0 0 0 0 0 0 0 0 0 0 0 0 0 0 0 77 68 79 32 101 120 116 114 97 32 100 97 116 97 32 108 111 99 107 0 0 0 0 0 0 0 0 0 0 0 0 0 0 0 0 0 0 0 0 0 0 0 0 0 0 0 0 0 0 0 0 0 0 0 0 0 0 0 0 0 0 0 0 0 0 0 0 0 0 0 0 0 0 0 0 0 0 0 0 0 0 0 0 0 0 0 0 0 0 0 0 0 0 0 0 0 0 0 0 0 0 0 0 0 0 0 0 0 0 0 0 0 0 0 0 0 0 0 0 0 0 0 0 0 0 0 0 0 0 0 0 0 0 0 0 0 21 0 0 0 1 14 0 0 1 0 0 0 0 0 0 0 0 0 0 0 2 0 0 0 0 0 0 0 0 0 0 0 16 0 0 0 255 255 255 255 2 0 3 0 0 0 0 0 data 2 0x30002 0x1c0 oops 0
ciMethodData sun/reflect/generics/repository/ConstructorRepository <init> (Ljava/lang/String;Lsun/reflect/generics/factory/GenericsFactory;)V 1 479 orig 264 88 66 98 111 0 0 0 0 192 110 178 27 0 0 0 0 64 1 0 0 0 0 0 0 0 0 0 0 0 0 0 0 0 0 0 0 0 0 0 0 0 0 0 0 0 0 0 0 0 0 0 0 0 0 0 0 0 0 0 0 0 0 0 0 0 0 0 0 0 0 0 0 0 0 0 0 0 0 0 0 77 68 79 32 101 120 116 114 97 32 100 97 116 97 32 108 111 99 107 0 0 0 0 0 0 0 0 0 0 0 0 0 0 0 0 0 0 0 0 0 0 0 0 0 0 0 0 0 0 0 0 0 0 0 0 0 0 0 0 0 0 0 0 0 0 0 0 0 0 0 0 0 0 0 0 0 0 0 0 0 0 0 0 0 0 0 0 0 0 0 0 0 0 0 0 0 0 0 0 0 0 0 0 0 0 0 0 0 0 0 0 0 0 0 0 0 0 0 0 0 0 0 0 0 0 0 0 0 0 0 0 0 0 0 0 0 21 0 0 0 81 14 0 0 1 0 0 0 0 0 0 0 0 0 0 0 2 0 0 0 0 0 0 0 0 0 0 0 16 0 0 0 255 255 255 255 2 0 3 0 0 0 0 0 data 2 0x30002 0x1ca oops 0
ciMethodData sun/reflect/generics/repository/MethodRepository getReturnType ()Ljava/lang/reflect/Type; 1 810 orig 264 88 66 98 111 0 0 0 0 128 106 178 27 0 0 0 0 136 2 0 0 0 0 0 0 0 0 0 0 0 0 0 0 0 0 0 0 0 0 0 0 0 0 0 0 0 0 0 0 0 0 0 0 0 0 0 0 0 0 0 0 0 0 0 0 0 0 0 0 0 0 0 0 0 0 0 0 0 0 0 0 77 68 79 32 101 120 116 114 97 32 100 97 116 97 32 108 111 99 107 0 0 0 0 0 0 0 0 0 0 0 0 0 0 0 0 0 0 0 0 0 0 0 0 0 0 0 0 0 0 0 0 0 0 0 0 0 0 0 0 0 0 0 0 0 0 0 0 0 0 0 0 0 0 0 0 0 0 0 0 0 0 0 0 0 0 0 0 0 0 0 0 0 0 0 0 0 0 0 0 0 0 0 0 0 0 0 0 0 0 0 0 0 0 0 0 0 0 0 0 0 0 0 0 0 0 0 0 0 0 0 0 0 0 0 0 0 39 0 0 0 25 24 0 0 1 0 0 0 0 0 0 0 0 0 0 0 2 0 0 0 0 0 8 0 2 0 0 0 64 1 0 0 255 255 255 255 7 0 4 0 0 0 0 0 data 40 0x40007 0x20b 0x140 0xf8 0x80005 0x0 0x1d082bd0 0xf8 0x0 0x0 0xd0005 0x0 0x1d082bd0 0xf8 0x0 0x0 0x100004 0x0 0x1cc9efe0 0xf8 0x0 0x0 0x130005 0x0 0x1cc9efe0 0xf8 0x0 0x0 0x170005 0x8d 0x1cdf1540 0x67 0x1cdf15f0 0x4 0x1e0005 0x0 0x1cdf0890 0xf8 0x0 0x0 oops 7 6 sun/reflect/generics/repository/MethodRepository 12 sun/reflect/generics/repository/MethodRepository 18 sun/reflect/generics/tree/MethodTypeSignature 24 sun/reflect/generics/tree/MethodTypeSignature 30 sun/reflect/generics/tree/ClassTypeSignature 32 sun/reflect/generics/tree/IntSignature 36 sun/reflect/generics/visitor/Reifier
ciMethodData sun/reflect/generics/repository/ConstructorRepository parse (Ljava/lang/String;)Lsun/reflect/generics/tree/Tree; 1 479 orig 264 88 66 98 111 0 0 0 0 88 114 178 27 0 0 0 0 128 1 0 0 0 0 0 0 0 0 0 0 0 0 0 0 0 0 0 0 0 0 0 0 0 0 0 0 0 0 0 0 0 0 0 0 0 0 0 0 0 0 0 0 0 0 0 0 0 0 0 0 0 0 0 0 0 0 0 0 0 0 0 0 77 68 79 32 101 120 116 114 97 32 100 97 116 97 32 108 111 99 107 0 0 0 0 0 0 0 0 0 0 0 0 0 0 0 0 0 0 0 0 0 0 0 0 0 0 0 0 0 0 0 0 0 0 0 0 0 0 0 0 0 0 0 0 0 0 0 0 0 0 0 0 0 0 0 0 0 0 0 0 0 0 0 0 0 0 0 0 0 0 0 0 0 0 0 0 0 0 0 0 0 0 0 0 0 0 0 0 0 0 0 0 0 0 0 0 0 0 0 0 0 0 0 0 0 0 0 0 0 0 0 0 0 0 0 0 0 0 1 0 0 249 6 0 0 1 0 0 0 0 0 0 0 0 0 0 0 2 0 0 0 0 0 3 0 2 0 0 0 48 0 0 0 255 255 255 255 5 0 2 0 0 0 0 0 data 6 0x20005 0x0 0x1d082bd0 0xd8 0x1cc9a870 0x7 oops 2 2 sun/reflect/generics/repository/MethodRepository 4 sun/reflect/generics/repository/ConstructorRepository
ciMethodData java/lang/reflect/Constructor hasGenericInformation ()Z 1 263 orig 264 88 66 98 111 0 0 0 0 152 109 119 23 0 0 0 0 176 1 0 0 0 0 0 0 0 0 0 0 0 0 0 0 0 0 0 0 0 0 0 0 0 0 0 0 0 0 0 0 0 0 0 0 0 0 0 0 0 0 0 0 0 0 0 0 0 0 0 0 0 0 0 0 0 0 0 0 0 0 0 0 77 68 79 32 101 120 116 114 97 32 100 97 116 97 32 108 111 99 107 0 0 0 0 0 0 0 0 0 0 0 0 0 0 0 0 0 0 0 0 0 0 0 0 0 0 0 0 0 0 0 0 0 0 0 0 0 0 0 0 0 0 0 0 0 0 0 0 0 0 0 0 0 0 0 0 0 0 0 0 0 0 0 0 0 0 0 0 0 0 0 0 0 0 0 0 0 0 0 0 0 0 0 0 0 0 0 0 0 0 0 0 0 0 0 0 0 0 0 0 0 0 0 0 0 0 0 0 0 0 0 0 0 0 0 0 0 0 1 0 0 57 0 0 0 1 0 0 0 0 0 0 0 0 0 0 0 2 0 0 0 0 0 6 0 2 0 0 0 104 0 0 0 255 255 255 255 5 0 1 0 0 0 0 0 data 13 0x10005 0x0 0x35e0c90 0x7 0x0 0x0 0x40007 0x1 0x38 0x6 0x80003 0x6 0x18 oops 1 2 java/lang/reflect/Constructor
instanceKlass io/netty/buffer/PoolArena$1
instanceKlass org/slf4j/Marker
instanceKlass org/apache/http/pool/AbstractConnPool$4
instanceKlass java/lang/invoke/LambdaForm$MH
instanceKlass java/lang/invoke/LambdaForm$DMH
instanceKlass java/lang/invoke/LambdaForm$DMH
instanceKlass reactor/netty/channel/FluxReceive$$Lambda$613
instanceKlass java/lang/invoke/LambdaForm$DMH
instanceKlass io/netty/util/Recycler$WeakOrderQueue$Head
instanceKlass io/netty/util/Recycler$WeakOrderQueue
instanceKlass reactor/netty/channel/FluxReceive$$Lambda$612
instanceKlass io/netty/handler/codec/http/DefaultLastHttpContent$TrailingHttpHeaders$1
instanceKlass io/netty/channel/pool/SimpleChannelPool$3
instanceKlass org/springframework/web/cors/reactive/UrlBasedCorsConfigurationSource$$Lambda$611
instanceKlass org/springframework/web/cors/reactive/UrlBasedCorsConfigurationSource$$Lambda$610
instanceKlass io/netty/channel/AbstractChannel$AbstractUnsafe$8
instanceKlass reactor/netty/http/server/HttpServerOperations$$Lambda$609
instanceKlass org/springframework/web/server/adapter/HttpWebHandlerAdapter$$Lambda$608
instanceKlass reactor/netty/resources/PooledConnectionProvider$PooledConnection$$Lambda$607
instanceKlass sun/nio/ch/IOVecWrapper$Deallocator
instanceKlass sun/nio/ch/IOVecWrapper
instanceKlass io/netty/util/concurrent/PromiseCombiner$1
instanceKlass io/netty/util/concurrent/PromiseCombiner
instanceKlass reactor/util/concurrent/Queues$$Lambda$606
instanceKlass reactor/netty/channel/MonoSendMany$SendManyInner$AsyncFlush
instanceKlass reactor/netty/channel/MonoSendMany$SendManyInner
instanceKlass reactor/core/publisher/MonoIgnoreElements$IgnoreElementsSubscriber
instanceKlass reactor/netty/http/HttpOperations$$Lambda$605
instanceKlass reactor/netty/ReactorNetty$OutboundThen$$Lambda$604
instanceKlass reactor/netty/ReactorNetty$OutboundThen
instanceKlass reactor/netty/channel/MonoSend$$Lambda$603
instanceKlass reactor/netty/channel/MonoSend$$Lambda$602
instanceKlass reactor/netty/channel/MonoSend$$Lambda$601
instanceKlass reactor/netty/channel/MonoSend$$Lambda$600
instanceKlass org/springframework/http/server/reactive/ReactorServerHttpResponse$$Lambda$599
instanceKlass org/springframework/http/server/reactive/AbstractServerHttpResponse$$Lambda$598
instanceKlass org/springframework/http/server/reactive/AbstractServerHttpResponse$$Lambda$597
instanceKlass org/springframework/http/server/reactive/AbstractServerHttpResponse$$Lambda$596
instanceKlass org/springframework/http/server/reactive/AbstractServerHttpResponse$$Lambda$595
instanceKlass org/springframework/http/server/reactive/ChannelSendOperator$WriteCompletionBarrier
instanceKlass org/springframework/http/server/reactive/ChannelSendOperator$WriteBarrier
instanceKlass org/springframework/http/server/reactive/AbstractServerHttpResponse$$Lambda$594
instanceKlass org/springframework/http/server/reactive/AbstractServerHttpResponse$$Lambda$593
instanceKlass org/springframework/cloud/gateway/filter/NettyWriteResponseFilter$$Lambda$592
instanceKlass org/springframework/cloud/gateway/filter/NettyWriteResponseFilter$$Lambda$591
instanceKlass org/springframework/http/server/reactive/NettyHeadersAdapter$$Lambda$590
instanceKlass io/netty/handler/codec/HeadersUtils$StringEntry
instanceKlass io/netty/handler/codec/HeadersUtils$StringEntryIterator
instanceKlass org/springframework/cloud/gateway/filter/NettyRoutingFilter$$Lambda$589
instanceKlass reactor/netty/http/client/HttpClientOperations$ResponseState
instanceKlass io/netty/util/internal/PromiseNotificationUtil
instanceKlass io/netty/handler/codec/http/HttpHeadersEncoder
instanceKlass io/netty/handler/codec/DefaultHeaders$HeaderIterator
instanceKlass reactor/core/publisher/FluxContextStart$ContextStartSubscriber
instanceKlass reactor/util/context/Context1
instanceKlass reactor/netty/http/client/HttpClientOperations$$Lambda$588
instanceKlass reactor/core/publisher/Operators$$Lambda$587
instanceKlass reactor/core/publisher/Operators$$Lambda$586
instanceKlass reactor/netty/http/client/HttpClientOperations$$Lambda$585
instanceKlass reactor/netty/http/HttpOperations$PostHeadersNettyOutbound
instanceKlass org/springframework/cloud/gateway/filter/NettyRoutingFilter$$Lambda$584
instanceKlass reactor/netty/channel/ChannelOperations$1
instanceKlass org/springframework/cloud/gateway/filter/NettyRoutingFilter$$Lambda$583
instanceKlass reactor/netty/NettyPipeline$SendOptions
instanceKlass reactor/netty/http/client/HttpClientConnect$HttpIOHandlerObserver$$Lambda$582
instanceKlass reactor/netty/resources/PooledConnectionProvider$DisposableAcquire$$Lambda$581
instanceKlass reactor/netty/resources/PooledConnectionProvider$PendingConnectionObserver$Pending
instanceKlass reactor/util/concurrent/Queues$$Lambda$580
instanceKlass reactor/netty/resources/PooledConnectionProvider$PendingConnectionObserver
instanceKlass io/netty/util/concurrent/DefaultPromise$1
instanceKlass io/netty/channel/nio/AbstractNioChannel$AbstractNioUnsafe$2
instanceKlass io/netty/channel/nio/AbstractNioChannel$AbstractNioUnsafe$1
instanceKlass io/netty/util/internal/SocketUtils$3
instanceKlass io/netty/handler/codec/http/FullHttpRequest
instanceKlass reactor/netty/resources/PooledConnectionProvider$DisposableAcquire
instanceKlass io/netty/channel/pool/SimpleChannelPool$2
instanceKlass io/netty/bootstrap/Bootstrap$3
instanceKlass io/netty/util/concurrent/GenericProgressiveFutureListener
instanceKlass io/netty/resolver/AddressResolverGroup$1
instanceKlass io/netty/resolver/AbstractAddressResolver
instanceKlass io/netty/resolver/AddressResolver
instanceKlass io/netty/resolver/SimpleNameResolver
instanceKlass io/netty/resolver/NameResolver
instanceKlass io/netty/handler/codec/http/HttpClientUpgradeHandler$SourceCodec
instanceKlass reactor/netty/resources/PooledConnectionProvider$PooledConnection
instanceKlass java/util/concurrent/ConcurrentLinkedDeque$Node
instanceKlass io/netty/channel/pool/SimpleChannelPool
instanceKlass reactor/netty/resources/PooledConnectionProvider$PoolKey
instanceKlass reactor/netty/http/client/HttpClientConnect$MonoHttpConnect$TcpClientSubscriber
instanceKlass reactor/netty/resources/PooledConnectionProvider$$Lambda$579
instanceKlass reactor/netty/ReactorNetty$CompositeConnectionObserver
instanceKlass reactor/netty/http/client/HttpClientConnect$HttpIOHandlerObserver
instanceKlass reactor/netty/http/client/HttpClientConnect$HttpObserver
instanceKlass reactor/netty/http/client/HttpClientConnect$MonoHttpConnect$$Lambda$578
instanceKlass reactor/netty/http/client/HttpClientConnect$Http1Initializer
instanceKlass java/lang/invoke/LambdaForm$MH
instanceKlass java/lang/invoke/LambdaForm$DMH
instanceKlass java/lang/invoke/LambdaForm$DMH
instanceKlass reactor/netty/http/client/UriEndpointFactory$$Lambda$577
instanceKlass java/lang/invoke/LambdaForm$DMH
instanceKlass reactor/netty/http/client/UriEndpoint
instanceKlass reactor/netty/http/client/UriEndpointFactory
instanceKlass reactor/netty/http/client/HttpClientConnect$HttpClientHandler$$Lambda$576
instanceKlass reactor/core/publisher/MonoFlatMapMany$FlatMapManyMain
instanceKlass reactor/netty/http/client/HttpClientFinalizer$$Lambda$575
instanceKlass reactor/netty/tcp/ProxyProvider$DeferredProxySupport
instanceKlass reactor/netty/tcp/ProxyProvider$$Lambda$574
instanceKlass reactor/netty/tcp/ProxyProvider
instanceKlass reactor/netty/http/client/HttpClientConnect$HttpTcpClient$$Lambda$573
instanceKlass io/netty/util/concurrent/PromiseTask$RunnableAdapter
instanceKlass reactor/netty/resources/ColocatedEventLoopGroup$$Lambda$572
instanceKlass reactor/netty/resources/ColocatedEventLoopGroup
instanceKlass reactor/netty/tcp/SslProvider$DeferredSslSupport
instanceKlass org/springframework/cloud/gateway/filter/NettyRoutingFilter$$Lambda$571
instanceKlass reactor/netty/http/client/HttpClientFinalizer$$Lambda$570
instanceKlass org/springframework/cloud/gateway/filter/NettyRoutingFilter$$Lambda$569
instanceKlass java/lang/invoke/LambdaForm$DMH
instanceKlass reactor/netty/http/client/HttpClientFinalizer$$Lambda$568
instanceKlass reactor/netty/http/client/HttpClientFinalizer$$Lambda$567
instanceKlass reactor/netty/http/client/HttpClientFinalizer$$Lambda$566
instanceKlass reactor/netty/http/client/HttpClient$$Lambda$565
instanceKlass reactor/netty/http/client/HttpClientConfiguration$$Lambda$564
instanceKlass reactor/netty/http/client/HttpClientConfiguration$$Lambda$563
instanceKlass reactor/netty/http/client/HttpClientConfiguration$$Lambda$562
instanceKlass reactor/netty/http/client/HttpClientConfiguration$$Lambda$561
instanceKlass reactor/netty/http/client/HttpClientConfiguration$$Lambda$560
instanceKlass reactor/netty/http/client/HttpClientConfiguration$$Lambda$559
instanceKlass reactor/netty/http/client/HttpClientConfiguration$$Lambda$558
instanceKlass reactor/netty/http/client/HttpClientConfiguration$$Lambda$557
instanceKlass reactor/netty/http/client/HttpClientConfiguration$$Lambda$556
instanceKlass io/netty/handler/codec/http/cookie/ClientCookieEncoder$1
instanceKlass reactor/netty/http/client/HttpClientConfiguration
instanceKlass org/springframework/cloud/gateway/filter/NettyRoutingFilter$$Lambda$555
instanceKlass org/springframework/cloud/gateway/filter/headers/RemoveHopByHopHeadersFilter$$Lambda$554
instanceKlass org/springframework/cloud/gateway/filter/headers/RemoveHopByHopHeadersFilter$$Lambda$553
instanceKlass org/springframework/cloud/gateway/filter/headers/XForwardedHeadersFilter$$Lambda$552
instanceKlass org/springframework/cloud/gateway/filter/headers/XForwardedHeadersFilter$$Lambda$551
instanceKlass org/springframework/util/CollectionUtils$MultiValueMapAdapter$$Lambda$550
instanceKlass org/springframework/util/CollectionUtils$MultiValueMapAdapter$$Lambda$549
instanceKlass org/springframework/cloud/gateway/filter/headers/ForwardedHeadersFilter$$Lambda$548
instanceKlass org/springframework/cloud/gateway/filter/headers/ForwardedHeadersFilter$$Lambda$547
instanceKlass org/springframework/http/server/reactive/NettyHeadersAdapter$HeaderEntry
instanceKlass io/netty/handler/codec/HeadersUtils$StringIterator
instanceKlass org/springframework/http/server/reactive/NettyHeadersAdapter$EntryIterator
instanceKlass org/springframework/http/ReadOnlyHttpHeaders$$Lambda$546
instanceKlass org/springframework/cloud/gateway/filter/headers/HttpHeadersFilter$$Lambda$545
instanceKlass org/springframework/cloud/gateway/filter/headers/HttpHeadersFilter$$Lambda$544
instanceKlass org/springframework/cloud/gateway/filter/headers/HttpHeadersFilter$$Lambda$543
instanceKlass com/google/common/base/Strings
instanceKlass org/springframework/cloud/gateway/filter/LoadBalancerClientFilter$DelegatingServiceInstance
instanceKlass org/springframework/cloud/netflix/ribbon/RibbonLoadBalancerClient$RibbonServer
instanceKlass com/google/common/base/Optional
instanceKlass com/netflix/loadbalancer/PredicateKey
instanceKlass com/netflix/loadbalancer/reactive/LoadBalancerCommand$ExecutionInfoContext
instanceKlass com/netflix/util/Pair
instanceKlass com/netflix/loadbalancer/reactive/LoadBalancerCommand
instanceKlass com/netflix/loadbalancer/reactive/LoadBalancerCommand$Builder
instanceKlass com/netflix/client/RequestSpecificRetryHandler
instanceKlass org/springframework/cloud/netflix/ribbon/apache/RibbonApacheHttpResponse
instanceKlass com/netflix/servo/monitor/Gauge
instanceKlass com/netflix/servo/monitor/Pollers
instanceKlass com/netflix/servo/monitor/StepLong
instanceKlass com/netflix/servo/monitor/Stopwatch
instanceKlass com/netflix/servo/util/Clock
instanceKlass com/netflix/client/SimpleVipAddressResolver
instanceKlass com/netflix/client/DefaultLoadBalancerRetryHandler
instanceKlass sun/util/locale/provider/TimeZoneNameUtility$TimeZoneNameGetter
instanceKlass sun/util/locale/provider/TimeZoneNameUtility
instanceKlass com/google/common/cache/LocalCache$WriteThroughEntry
instanceKlass com/netflix/stats/distribution/DataPublisher$PublishThreadFactory
instanceKlass com/netflix/stats/distribution/DataPublisher$1
instanceKlass com/netflix/stats/distribution/DataPublisher
instanceKlass com/netflix/config/PropertyWrapper$2
instanceKlass com/netflix/config/PropertyWrapper$1
instanceKlass com/netflix/util/MeasuredRate
instanceKlass com/netflix/stats/distribution/Distribution
instanceKlass com/netflix/stats/distribution/DataDistributionMBean
instanceKlass com/netflix/stats/distribution/DistributionMBean
instanceKlass com/netflix/stats/distribution/DataAccumulator
instanceKlass com/netflix/stats/distribution/DataCollector
instanceKlass com/alibaba/cloud/nacos/ribbon/NacosServer$1
instanceKlass com/netflix/loadbalancer/Server$1
instanceKlass com/netflix/loadbalancer/Server$MetaInfo
instanceKlass com/alibaba/nacos/client/naming/core/HostReactor$UpdateTask
instanceKlass java/io/RandomAccessFile$1
instanceKlass sun/nio/ch/FileKey
instanceKlass sun/nio/ch/FileLockTable
instanceKlass java/nio/channels/FileLock
instanceKlass java/io/RandomAccessFile
instanceKlass com/alibaba/nacos/client/naming/cache/ConcurrentDiskUtil
instanceKlass com/alibaba/nacos/client/naming/cache/DiskCache
instanceKlass com/alibaba/fastjson/parser/DefaultJSONParser$ResolveTask
instanceKlass com/alibaba/fastjson/parser/deserializer/ASMDeserializerFactory$Context
instanceKlass com/alibaba/fastjson/parser/deserializer/PropertyProcessable
instanceKlass com/alibaba/nacos/client/naming/utils/NetUtils
instanceKlass com/alibaba/nacos/api/naming/pojo/ServiceInfo
instanceKlass com/netflix/loadbalancer/PollingServerListUpdater$LazyHolder$2
instanceKlass com/netflix/loadbalancer/PollingServerListUpdater$LazyHolder$1
instanceKlass com/google/common/util/concurrent/ThreadFactoryBuilder$1
instanceKlass com/google/common/util/concurrent/ThreadFactoryBuilder
instanceKlass com/netflix/loadbalancer/PollingServerListUpdater$LazyHolder
instanceKlass com/netflix/loadbalancer/PollingServerListUpdater$1
instanceKlass com/netflix/loadbalancer/DynamicServerListLoadBalancer$1
instanceKlass com/netflix/loadbalancer/ServerStatusChangeListener
instanceKlass com/netflix/loadbalancer/ServerListChangeListener
instanceKlass com/netflix/client/PrimeConnections
instanceKlass com/google/common/cache/LocalCache$HashIterator
instanceKlass com/google/common/primitives/Ints
instanceKlass com/netflix/servo/jmx/JmxMonitorRegistry$$Lambda$542
instanceKlass com/netflix/servo/util/Strings
instanceKlass com/netflix/servo/jmx/ObjectNameBuilder
instanceKlass com/netflix/loadbalancer/ZoneSnapshot
instanceKlass com/netflix/loadbalancer/ZoneStats
instanceKlass com/netflix/loadbalancer/ServerStats
instanceKlass com/netflix/loadbalancer/LoadBalancerStats$2
instanceKlass com/netflix/loadbalancer/LoadBalancerStats$3
instanceKlass com/netflix/client/ClientFactory
instanceKlass com/netflix/loadbalancer/ServerComparator
instanceKlass com/netflix/loadbalancer/BaseLoadBalancer$SerialPingStrategy
instanceKlass com/netflix/loadbalancer/IPingStrategy
instanceKlass com/netflix/client/PrimeConnections$PrimeConnectionListener
instanceKlass com/netflix/loadbalancer/ServerListUpdater$UpdateAction
instanceKlass com/netflix/loadbalancer/PollingServerListUpdater
instanceKlass com/netflix/loadbalancer/AbstractLoadBalancer
instanceKlass com/netflix/loadbalancer/AbstractLoadBalancerPing
instanceKlass com/netflix/config/ChainedDynamicProperty
instanceKlass com/netflix/config/ChainedDynamicProperty$IntProperty$1
instanceKlass com/google/common/base/Predicates$AndPredicate
instanceKlass com/google/common/base/Predicates
instanceKlass com/netflix/loadbalancer/CompositePredicate$Builder
instanceKlass com/netflix/config/ChainedDynamicProperty$ChainLink
instanceKlass com/netflix/loadbalancer/AbstractLoadBalancerRule
instanceKlass com/netflix/loadbalancer/LoadBalancerStats
instanceKlass com/netflix/servo/jmx/MonitorMBean
instanceKlass com/netflix/servo/annotations/Monitor
instanceKlass com/google/common/collect/MapMakerInternalMap$StrongValueReference
instanceKlass com/netflix/servo/tag/BasicTag
instanceKlass com/google/common/collect/MapMaker$RemovalListener
instanceKlass com/google/common/collect/MapMakerInternalMap$1
instanceKlass com/google/common/collect/MapMakerInternalMap$ReferenceEntry
instanceKlass com/google/common/collect/MapMakerInternalMap$ValueReference
instanceKlass com/google/common/collect/GenericMapMaker
instanceKlass com/google/common/collect/Interners$WeakInterner
instanceKlass com/google/common/collect/Interner
